<?xml version="1.0" encoding="UTF-8"?>
<coverage generated="1584434173833" clover="3.2.0">
  <project timestamp="1584434173833" name="All files">
    <metrics statements="2795" coveredstatements="0" conditionals="3580" coveredconditionals="0" methods="776" coveredmethods="0" elements="7151" coveredelements="0" complexity="0" loc="2795" ncloc="2795" packages="12" files="27" classes="27"/>
    <package name="vs-template">
      <metrics statements="1" coveredstatements="0" conditionals="0" coveredconditionals="0" methods="0" coveredmethods="0"/>
      <file name="babel.config.js" path="/Users/gry/study/vs-template/babel.config.js">
        <metrics statements="1" coveredstatements="0" conditionals="0" coveredconditionals="0" methods="0" coveredmethods="0"/>
        <line num="1" count="0" type="stmt"/>
      </file>
      <file name="vue.config.js" path="/Users/gry/study/vs-template/vue.config.js">
        <metrics statements="0" coveredstatements="0" conditionals="0" coveredconditionals="0" methods="0" coveredmethods="0"/>
      </file>
    </package>
    <package name="vs-template.coverage.lcov-report">
      <metrics statements="106" coveredstatements="0" conditionals="323" coveredconditionals="0" methods="52" coveredmethods="0"/>
      <file name="block-navigation.js" path="/Users/gry/study/vs-template/coverage/lcov-report/block-navigation.js">
        <metrics statements="28" coveredstatements="0" conditionals="15" coveredconditionals="0" methods="6" coveredmethods="0"/>
        <line num="2" count="0" type="stmt"/>
        <line num="4" count="0" type="stmt"/>
        <line num="7" count="0" type="stmt"/>
        <line num="10" count="0" type="stmt"/>
        <line num="14" count="0" type="stmt"/>
        <line num="20" count="0" type="stmt"/>
        <line num="25" count="0" type="stmt"/>
        <line num="28" count="0" type="stmt"/>
        <line num="32" count="0" type="stmt"/>
        <line num="33" count="0" type="stmt"/>
        <line num="34" count="0" type="stmt"/>
        <line num="42" count="0" type="stmt"/>
        <line num="43" count="0" type="cond" truecount="0" falsecount="4"/>
        <line num="44" count="0" type="stmt"/>
        <line num="45" count="0" type="cond" truecount="0" falsecount="2"/>
        <line num="46" count="0" type="stmt"/>
        <line num="49" count="0" type="stmt"/>
        <line num="53" count="0" type="stmt"/>
        <line num="55" count="0" type="cond" truecount="0" falsecount="2"/>
        <line num="59" count="0" type="stmt"/>
        <line num="62" count="0" type="stmt"/>
        <line num="65" count="0" type="stmt"/>
        <line num="66" count="0" type="cond" truecount="0" falsecount="5"/>
        <line num="69" count="0" type="stmt"/>
        <line num="70" count="0" type="stmt"/>
        <line num="74" count="0" type="stmt"/>
        <line num="75" count="0" type="stmt"/>
        <line num="79" count="0" type="stmt"/>
      </file>
      <file name="prettify.js" path="/Users/gry/study/vs-template/coverage/lcov-report/prettify.js">
        <metrics statements="1" coveredstatements="0" conditionals="286" coveredconditionals="0" methods="29" coveredmethods="0"/>
        <line num="2" count="0" type="cond" truecount="0" falsecount="286"/>
      </file>
      <file name="sorter.js" path="/Users/gry/study/vs-template/coverage/lcov-report/sorter.js">
        <metrics statements="77" coveredstatements="0" conditionals="22" coveredconditionals="0" methods="17" coveredmethods="0"/>
        <line num="2" count="0" type="stmt"/>
        <line num="5" count="0" type="stmt"/>
        <line num="12" count="0" type="stmt"/>
        <line num="16" count="0" type="stmt"/>
        <line num="20" count="0" type="stmt"/>
        <line num="24" count="0" type="stmt"/>
        <line num="29" count="0" type="stmt"/>
        <line num="31" count="0" type="stmt"/>
        <line num="35" count="0" type="stmt"/>
        <line num="36" count="0" type="stmt"/>
        <line num="37" count="0" type="stmt"/>
        <line num="42" count="0" type="stmt"/>
        <line num="43" count="0" type="cond" truecount="0" falsecount="2"/>
        <line num="44" count="0" type="stmt"/>
        <line num="45" count="0" type="stmt"/>
        <line num="49" count="0" type="stmt"/>
        <line num="54" count="0" type="stmt"/>
        <line num="57" count="0" type="stmt"/>
        <line num="60" count="0" type="stmt"/>
        <line num="61" count="0" type="stmt"/>
        <line num="62" count="0" type="stmt"/>
        <line num="63" count="0" type="stmt"/>
        <line num="64" count="0" type="cond" truecount="0" falsecount="2"/>
        <line num="65" count="0" type="stmt"/>
        <line num="67" count="0" type="stmt"/>
        <line num="69" count="0" type="stmt"/>
        <line num="73" count="0" type="stmt"/>
        <line num="76" count="0" type="stmt"/>
        <line num="77" count="0" type="stmt"/>
        <line num="82" count="0" type="stmt"/>
        <line num="83" count="0" type="stmt"/>
        <line num="84" count="0" type="stmt"/>
        <line num="85" count="0" type="stmt"/>
        <line num="86" count="0" type="cond" truecount="0" falsecount="4"/>
        <line num="88" count="0" type="stmt"/>
        <line num="89" count="0" type="stmt"/>
        <line num="90" count="0" type="stmt"/>
        <line num="91" count="0" type="stmt"/>
        <line num="94" count="0" type="cond" truecount="0" falsecount="2"/>
        <line num="95" count="0" type="stmt"/>
        <line num="96" count="0" type="stmt"/>
        <line num="100" count="0" type="stmt"/>
        <line num="101" count="0" type="stmt"/>
        <line num="102" count="0" type="stmt"/>
        <line num="105" count="0" type="stmt"/>
        <line num="107" count="0" type="stmt"/>
        <line num="108" count="0" type="stmt"/>
        <line num="113" count="0" type="stmt"/>
        <line num="114" count="0" type="stmt"/>
        <line num="116" count="0" type="stmt"/>
        <line num="117" count="0" type="stmt"/>
        <line num="121" count="0" type="cond" truecount="0" falsecount="2"/>
        <line num="129" count="0" type="stmt"/>
        <line num="130" count="0" type="stmt"/>
        <line num="132" count="0" type="stmt"/>
        <line num="133" count="0" type="stmt"/>
        <line num="135" count="0" type="cond" truecount="0" falsecount="2"/>
        <line num="136" count="0" type="stmt"/>
        <line num="138" count="0" type="stmt"/>
        <line num="139" count="0" type="stmt"/>
        <line num="140" count="0" type="stmt"/>
        <line num="141" count="0" type="stmt"/>
        <line num="142" count="0" type="stmt"/>
        <line num="145" count="0" type="stmt"/>
        <line num="146" count="0" type="cond" truecount="0" falsecount="2"/>
        <line num="149" count="0" type="stmt"/>
        <line num="150" count="0" type="cond" truecount="0" falsecount="2"/>
        <line num="151" count="0" type="stmt"/>
        <line num="153" count="0" type="stmt"/>
        <line num="159" count="0" type="stmt"/>
        <line num="160" count="0" type="cond" truecount="0" falsecount="2"/>
        <line num="161" count="0" type="stmt"/>
        <line num="163" count="0" type="stmt"/>
        <line num="164" count="0" type="stmt"/>
        <line num="165" count="0" type="stmt"/>
        <line num="166" count="0" type="stmt"/>
        <line num="170" count="0" type="stmt"/>
      </file>
    </package>
    <package name="vs-template.dist.js.webpack:.(webpack).buildin">
      <metrics statements="6" coveredstatements="0" conditionals="4" coveredconditionals="0" methods="2" coveredmethods="0"/>
      <file name="global.js" path="/Users/gry/study/vs-template/dist/js/webpack:/(webpack)/buildin/global.js">
        <metrics statements="6" coveredstatements="0" conditionals="4" coveredconditionals="0" methods="2" coveredmethods="0"/>
        <line num="4" count="0" type="stmt"/>
        <line num="5" count="0" type="stmt"/>
        <line num="8" count="0" type="stmt"/>
        <line num="10" count="0" type="cond" truecount="0" falsecount="2"/>
        <line num="13" count="0" type="cond" truecount="0" falsecount="2"/>
        <line num="20" count="0" type="stmt"/>
      </file>
    </package>
    <package name="vs-template.dist.js.webpack:.node_modules.vue-loader.lib.runtime">
      <metrics statements="13" coveredstatements="0" conditionals="36" coveredconditionals="0" methods="6" coveredmethods="0"/>
      <file name="componentNormalizer.js" path="/Users/gry/study/vs-template/dist/js/webpack:/node_modules/vue-loader/lib/runtime/componentNormalizer.js">
        <metrics statements="13" coveredstatements="0" conditionals="36" coveredconditionals="0" methods="6" coveredmethods="0"/>
        <line num="1" count="0" type="stmt"/>
        <line num="18" count="0" type="stmt"/>
        <line num="43" count="0" type="stmt"/>
        <line num="65" count="0" type="cond" truecount="0" falsecount="2"/>
        <line num="69" count="0" type="cond" truecount="0" falsecount="2"/>
        <line num="70" count="0" type="cond" truecount="0" falsecount="2"/>
        <line num="73" count="0" type="stmt"/>
        <line num="75" count="0" type="stmt"/>
        <line num="76" count="0" type="stmt"/>
        <line num="78" count="0" type="stmt"/>
        <line num="82" count="0" type="stmt"/>
        <line num="83" count="0" type="stmt"/>
        <line num="89" count="0" type="stmt"/>
      </file>
    </package>
    <package name="vs-template.dist.js.webpack:.node_modules.vue-router.dist">
      <metrics statements="758" coveredstatements="0" conditionals="830" coveredconditionals="0" methods="226" coveredmethods="0"/>
      <file name="vue-router.esm.js" path="/Users/gry/study/vs-template/dist/js/webpack:/node_modules/vue-router/dist/vue-router.esm.js">
        <metrics statements="758" coveredstatements="0" conditionals="830" coveredconditionals="0" methods="226" coveredmethods="0"/>
        <line num="15" count="0" type="stmt"/>
        <line num="21" count="0" type="stmt"/>
        <line num="25" count="0" type="stmt"/>
        <line num="33" count="0" type="stmt"/>
        <line num="34" count="0" type="stmt"/>
        <line num="36" count="0" type="stmt"/>
        <line num="39" count="0" type="stmt"/>
        <line num="49" count="0" type="stmt"/>
        <line num="50" count="0" type="stmt"/>
        <line num="51" count="0" type="stmt"/>
        <line num="52" count="0" type="stmt"/>
        <line num="55" count="0" type="stmt"/>
        <line num="59" count="0" type="stmt"/>
        <line num="60" count="0" type="stmt"/>
        <line num="61" count="0" type="stmt"/>
        <line num="62" count="0" type="cond" truecount="0" falsecount="2"/>
        <line num="66" count="0" type="stmt"/>
        <line num="67" count="0" type="stmt"/>
        <line num="68" count="0" type="cond" truecount="0" falsecount="2"/>
        <line num="69" count="0" type="cond" truecount="0" falsecount="2"/>
        <line num="70" count="0" type="cond" truecount="0" falsecount="2"/>
        <line num="81" count="0" type="cond" truecount="0" falsecount="2"/>
        <line num="82" count="0" type="stmt"/>
        <line num="83" count="0" type="cond" truecount="0" falsecount="2"/>
        <line num="84" count="0" type="stmt"/>
        <line num="97" count="0" type="stmt"/>
        <line num="98" count="0" type="cond" truecount="0" falsecount="2"/>
        <line num="101" count="0" type="cond" truecount="0" falsecount="4"/>
        <line num="103" count="0" type="stmt"/>
        <line num="107" count="0" type="stmt"/>
        <line num="113" count="0" type="stmt"/>
        <line num="125" count="0" type="stmt"/>
        <line num="131" count="0" type="cond" truecount="0" falsecount="4"/>
        <line num="139" count="0" type="cond" truecount="0" falsecount="2"/>
        <line num="149" count="0" type="stmt"/>
        <line num="155" count="0" type="stmt"/>
        <line num="156" count="0" type="cond" truecount="0" falsecount="2"/>
        <line num="158" count="0" type="stmt"/>
        <line num="160" count="0" type="cond" truecount="0" falsecount="2"/>
        <line num="161" count="0" type="stmt"/>
        <line num="162" count="0" type="cond" truecount="0" falsecount="3"/>
        <line num="171" count="0" type="stmt"/>
        <line num="173" count="0" type="stmt"/>
        <line num="175" count="0" type="stmt"/>
        <line num="177" count="0" type="stmt"/>
        <line num="179" count="0" type="cond" truecount="0" falsecount="2"/>
        <line num="181" count="0" type="stmt"/>
        <line num="193" count="0" type="stmt"/>
        <line num="194" count="0" type="stmt"/>
        <line num="195" count="0" type="stmt"/>
        <line num="200" count="0" type="stmt"/>
        <line num="204" count="0" type="stmt"/>
        <line num="209" count="0" type="cond" truecount="0" falsecount="2"/>
        <line num="213" count="0" type="cond" truecount="0" falsecount="2"/>
        <line num="215" count="0" type="stmt"/>
        <line num="216" count="0" type="cond" truecount="0" falsecount="2"/>
        <line num="219" count="0" type="stmt"/>
        <line num="221" count="0" type="stmt"/>
        <line num="222" count="0" type="stmt"/>
        <line num="224" count="0" type="stmt"/>
        <line num="228" count="0" type="stmt"/>
        <line num="232" count="0" type="stmt"/>
        <line num="237" count="0" type="stmt"/>
        <line num="238" count="0" type="stmt"/>
        <line num="239" count="0" type="stmt"/>
        <line num="241" count="0" type="stmt"/>
        <line num="256" count="0" type="cond" truecount="0" falsecount="2"/>
        <line num="257" count="0" type="stmt"/>
        <line num="259" count="0" type="cond" truecount="0" falsecount="2"/>
        <line num="260" count="0" type="stmt"/>
        <line num="263" count="0" type="cond" truecount="0" falsecount="2"/>
        <line num="264" count="0" type="stmt"/>
        <line num="267" count="0" type="cond" truecount="0" falsecount="2"/>
        <line num="268" count="0" type="stmt"/>
        <line num="269" count="0" type="cond" truecount="0" falsecount="2"/>
        <line num="279" count="0" type="stmt"/>
        <line num="282" count="0" type="stmt"/>
        <line num="283" count="0" type="stmt"/>
        <line num="284" count="0" type="cond" truecount="0" falsecount="2"/>
        <line num="289" count="0" type="stmt"/>
        <line num="297" count="0" type="cond" truecount="0" falsecount="2"/>
        <line num="299" count="0" type="cond" truecount="0" falsecount="2"/>
        <line num="300" count="0" type="stmt"/>
        <line num="301" count="0" type="stmt"/>
        <line num="304" count="0" type="stmt"/>
        <line num="317" count="0" type="stmt"/>
        <line num="321" count="0" type="cond" truecount="0" falsecount="2"/>
        <line num="322" count="0" type="stmt"/>
        <line num="323" count="0" type="cond" truecount="0" falsecount="4"/>
        <line num="324" count="0" type="stmt"/>
        <line num="325" count="0" type="stmt"/>
        <line num="326" count="0" type="stmt"/>
        <line num="328" count="0" type="stmt"/>
        <line num="330" count="0" type="stmt"/>
        <line num="335" count="0" type="stmt"/>
        <line num="340" count="0" type="stmt"/>
        <line num="341" count="0" type="stmt"/>
        <line num="342" count="0" type="stmt"/>
        <line num="345" count="0" type="stmt"/>
        <line num="352" count="0" type="stmt"/>
        <line num="353" count="0" type="cond" truecount="0" falsecount="2"/>
        <line num="354" count="0" type="cond" truecount="0" falsecount="2"/>
        <line num="356" count="0" type="cond" truecount="0" falsecount="2"/>
        <line num="357" count="0" type="cond" truecount="0" falsecount="2"/>
        <line num="361" count="0" type="stmt"/>
        <line num="388" count="0" type="cond" truecount="0" falsecount="4"/>
        <line num="389" count="0" type="stmt"/>
        <line num="390" count="0" type="stmt"/>
        <line num="391" count="0" type="cond" truecount="0" falsecount="2"/>
        <line num="395" count="0" type="stmt"/>
        <line num="396" count="0" type="stmt"/>
        <line num="398" count="0" type="cond" truecount="0" falsecount="2"/>
        <line num="406" count="0" type="stmt"/>
        <line num="416" count="0" type="stmt"/>
        <line num="417" count="0" type="cond" truecount="0" falsecount="2"/>
        <line num="418" count="0" type="stmt"/>
        <line num="421" count="0" type="stmt"/>
        <line num="431" count="0" type="stmt"/>
        <line num="432" count="0" type="cond" truecount="0" falsecount="2"/>
        <line num="433" count="0" type="stmt"/>
        <line num="436" count="0" type="cond" truecount="0" falsecount="4"/>
        <line num="437" count="0" type="stmt"/>
        <line num="440" count="0" type="stmt"/>
        <line num="445" count="0" type="cond" truecount="0" falsecount="3"/>
        <line num="450" count="0" type="stmt"/>
        <line num="451" count="0" type="stmt"/>
        <line num="452" count="0" type="stmt"/>
        <line num="453" count="0" type="stmt"/>
        <line num="465" count="0" type="stmt"/>
        <line num="469" count="0" type="stmt"/>
        <line num="470" count="0" type="stmt"/>
        <line num="472" count="0" type="stmt"/>
        <line num="473" count="0" type="cond" truecount="0" falsecount="2"/>
        <line num="478" count="0" type="stmt"/>
        <line num="484" count="0" type="stmt"/>
        <line num="492" count="0" type="stmt"/>
        <line num="495" count="0" type="cond" truecount="0" falsecount="2"/>
        <line num="496" count="0" type="stmt"/>
        <line num="502" count="0" type="stmt"/>
        <line num="503" count="0" type="stmt"/>
        <line num="504" count="0" type="stmt"/>
        <line num="505" count="0" type="stmt"/>
        <line num="506" count="0" type="stmt"/>
        <line num="513" count="0" type="stmt"/>
        <line num="534" count="0" type="stmt"/>
        <line num="535" count="0" type="stmt"/>
        <line num="536" count="0" type="stmt"/>
        <line num="537" count="0" type="stmt"/>
        <line num="538" count="0" type="cond" truecount="0" falsecount="3"/>
        <line num="541" count="0" type="stmt"/>
        <line num="542" count="0" type="stmt"/>
        <line num="543" count="0" type="stmt"/>
        <line num="544" count="0" type="stmt"/>
        <line num="549" count="0" type="cond" truecount="0" falsecount="2"/>
        <line num="550" count="0" type="stmt"/>
        <line num="554" count="0" type="stmt"/>
        <line num="555" count="0" type="stmt"/>
        <line num="556" count="0" type="stmt"/>
        <line num="557" count="0" type="stmt"/>
        <line num="558" count="0" type="stmt"/>
        <line num="559" count="0" type="stmt"/>
        <line num="560" count="0" type="stmt"/>
        <line num="563" count="0" type="cond" truecount="0" falsecount="2"/>
        <line num="568" count="0" type="cond" truecount="0" falsecount="3"/>
        <line num="569" count="0" type="cond" truecount="0" falsecount="2"/>
        <line num="570" count="0" type="cond" truecount="0" falsecount="2"/>
        <line num="571" count="0" type="cond" truecount="0" falsecount="2"/>
        <line num="572" count="0" type="cond" truecount="0" falsecount="2"/>
        <line num="574" count="0" type="stmt"/>
        <line num="596" count="0" type="stmt"/>
        <line num="607" count="0" type="stmt"/>
        <line num="617" count="0" type="stmt"/>
        <line num="618" count="0" type="stmt"/>
        <line num="629" count="0" type="stmt"/>
        <line num="630" count="0" type="stmt"/>
        <line num="639" count="0" type="stmt"/>
        <line num="642" count="0" type="stmt"/>
        <line num="643" count="0" type="cond" truecount="0" falsecount="2"/>
        <line num="648" count="0" type="stmt"/>
        <line num="649" count="0" type="stmt"/>
        <line num="650" count="0" type="cond" truecount="0" falsecount="2"/>
        <line num="651" count="0" type="cond" truecount="0" falsecount="2"/>
        <line num="652" count="0" type="cond" truecount="0" falsecount="2"/>
        <line num="654" count="0" type="stmt"/>
        <line num="655" count="0" type="stmt"/>
        <line num="657" count="0" type="cond" truecount="0" falsecount="2"/>
        <line num="658" count="0" type="stmt"/>
        <line num="663" count="0" type="stmt"/>
        <line num="666" count="0" type="cond" truecount="0" falsecount="2"/>
        <line num="667" count="0" type="cond" truecount="0" falsecount="2"/>
        <line num="669" count="0" type="cond" truecount="0" falsecount="2"/>
        <line num="673" count="0" type="stmt"/>
        <line num="675" count="0" type="stmt"/>
        <line num="679" count="0" type="cond" truecount="0" falsecount="2"/>
        <line num="680" count="0" type="cond" truecount="0" falsecount="2"/>
        <line num="681" count="0" type="stmt"/>
        <line num="684" count="0" type="cond" truecount="0" falsecount="2"/>
        <line num="685" count="0" type="cond" truecount="0" falsecount="2"/>
        <line num="686" count="0" type="stmt"/>
        <line num="688" count="0" type="stmt"/>
        <line num="692" count="0" type="stmt"/>
        <line num="695" count="0" type="cond" truecount="0" falsecount="2"/>
        <line num="696" count="0" type="stmt"/>
        <line num="699" count="0" type="cond" truecount="0" falsecount="2"/>
        <line num="707" count="0" type="cond" truecount="0" falsecount="2"/>
        <line num="708" count="0" type="stmt"/>
        <line num="711" count="0" type="stmt"/>
        <line num="714" count="0" type="stmt"/>
        <line num="725" count="0" type="stmt"/>
        <line num="735" count="0" type="stmt"/>
        <line num="747" count="0" type="stmt"/>
        <line num="757" count="0" type="cond" truecount="0" falsecount="2"/>
        <line num="769" count="0" type="stmt"/>
        <line num="771" count="0" type="cond" truecount="0" falsecount="2"/>
        <line num="772" count="0" type="stmt"/>
        <line num="773" count="0" type="stmt"/>
        <line num="786" count="0" type="stmt"/>
        <line num="798" count="0" type="stmt"/>
        <line num="800" count="0" type="stmt"/>
        <line num="801" count="0" type="stmt"/>
        <line num="804" count="0" type="stmt"/>
        <line num="806" count="0" type="stmt"/>
        <line num="818" count="0" type="stmt"/>
        <line num="830" count="0" type="cond" truecount="0" falsecount="2"/>
        <line num="837" count="0" type="stmt"/>
        <line num="838" count="0" type="stmt"/>
        <line num="839" count="0" type="stmt"/>
        <line num="842" count="0" type="stmt"/>
        <line num="843" count="0" type="stmt"/>
        <line num="845" count="0" type="cond" truecount="0" falsecount="2"/>
        <line num="846" count="0" type="stmt"/>
        <line num="848" count="0" type="stmt"/>
        <line num="849" count="0" type="stmt"/>
        <line num="851" count="0" type="stmt"/>
        <line num="871" count="0" type="cond" truecount="0" falsecount="2"/>
        <line num="872" count="0" type="stmt"/>
        <line num="890" count="0" type="stmt"/>
        <line num="913" count="0" type="stmt"/>
        <line num="923" count="0" type="stmt"/>
        <line num="931" count="0" type="stmt"/>
        <line num="938" count="0" type="cond" truecount="0" falsecount="2"/>
        <line num="939" count="0" type="stmt"/>
        <line num="941" count="0" type="cond" truecount="0" falsecount="2"/>
        <line num="948" count="0" type="stmt"/>
        <line num="954" count="0" type="stmt"/>
        <line num="955" count="0" type="stmt"/>
        <line num="969" count="0" type="cond" truecount="0" falsecount="2"/>
        <line num="971" count="0" type="cond" truecount="0" falsecount="2"/>
        <line num="972" count="0" type="stmt"/>
        <line num="973" count="0" type="cond" truecount="0" falsecount="2"/>
        <line num="974" count="0" type="stmt"/>
        <line num="975" count="0" type="stmt"/>
        <line num="979" count="0" type="stmt"/>
        <line num="983" count="0" type="cond" truecount="0" falsecount="5"/>
        <line num="984" count="0" type="stmt"/>
        <line num="986" count="0" type="stmt"/>
        <line num="987" count="0" type="cond" truecount="0" falsecount="2"/>
        <line num="988" count="0" type="stmt"/>
        <line num="990" count="0" type="cond" truecount="0" falsecount="2"/>
        <line num="991" count="0" type="stmt"/>
        <line num="992" count="0" type="stmt"/>
        <line num="993" count="0" type="stmt"/>
        <line num="996" count="0" type="stmt"/>
        <line num="999" count="0" type="cond" truecount="0" falsecount="2"/>
        <line num="1000" count="0" type="cond" truecount="0" falsecount="3"/>
        <line num="1001" count="0" type="stmt"/>
        <line num="1005" count="0" type="stmt"/>
        <line num="1011" count="0" type="cond" truecount="0" falsecount="2"/>
        <line num="1016" count="0" type="stmt"/>
        <line num="1027" count="0" type="stmt"/>
        <line num="1028" count="0" type="stmt"/>
        <line num="1030" count="0" type="stmt"/>
        <line num="1032" count="0" type="stmt"/>
        <line num="1054" count="0" type="stmt"/>
        <line num="1056" count="0" type="stmt"/>
        <line num="1057" count="0" type="stmt"/>
        <line num="1058" count="0" type="stmt"/>
        <line num="1063" count="0" type="stmt"/>
        <line num="1064" count="0" type="stmt"/>
        <line num="1065" count="0" type="stmt"/>
        <line num="1067" count="0" type="stmt"/>
        <line num="1068" count="0" type="stmt"/>
        <line num="1069" count="0" type="stmt"/>
        <line num="1072" count="0" type="cond" truecount="0" falsecount="2"/>
        <line num="1074" count="0" type="stmt"/>
        <line num="1078" count="0" type="cond" truecount="0" falsecount="2"/>
        <line num="1080" count="0" type="stmt"/>
        <line num="1084" count="0" type="stmt"/>
        <line num="1088" count="0" type="stmt"/>
        <line num="1093" count="0" type="stmt"/>
        <line num="1094" count="0" type="cond" truecount="0" falsecount="2"/>
        <line num="1103" count="0" type="stmt"/>
        <line num="1104" count="0" type="stmt"/>
        <line num="1106" count="0" type="stmt"/>
        <line num="1112" count="0" type="stmt"/>
        <line num="1114" count="0" type="cond" truecount="0" falsecount="3"/>
        <line num="1125" count="0" type="cond" truecount="0" falsecount="2"/>
        <line num="1126" count="0" type="cond" truecount="0" falsecount="2"/>
        <line num="1127" count="0" type="stmt"/>
        <line num="1128" count="0" type="cond" truecount="0" falsecount="4"/>
        <line num="1135" count="0" type="cond" truecount="0" falsecount="2"/>
        <line num="1139" count="0" type="cond" truecount="0" falsecount="2"/>
        <line num="1140" count="0" type="stmt"/>
        <line num="1144" count="0" type="stmt"/>
        <line num="1145" count="0" type="cond" truecount="0" falsecount="2"/>
        <line num="1147" count="0" type="stmt"/>
        <line num="1148" count="0" type="stmt"/>
        <line num="1151" count="0" type="stmt"/>
        <line num="1152" count="0" type="stmt"/>
        <line num="1153" count="0" type="cond" truecount="0" falsecount="2"/>
        <line num="1158" count="0" type="stmt"/>
        <line num="1159" count="0" type="stmt"/>
        <line num="1167" count="0" type="stmt"/>
        <line num="1168" count="0" type="stmt"/>
        <line num="1171" count="0" type="stmt"/>
        <line num="1175" count="0" type="stmt"/>
        <line num="1181" count="0" type="cond" truecount="0" falsecount="10"/>
        <line num="1187" count="0" type="cond" truecount="0" falsecount="4"/>
        <line num="1188" count="0" type="stmt"/>
        <line num="1189" count="0" type="cond" truecount="0" falsecount="2"/>
        <line num="1195" count="0" type="stmt"/>
        <line num="1199" count="0" type="cond" truecount="0" falsecount="2"/>
        <line num="1201" count="0" type="stmt"/>
        <line num="1203" count="0" type="cond" truecount="0" falsecount="2"/>
        <line num="1204" count="0" type="stmt"/>
        <line num="1206" count="0" type="cond" truecount="0" falsecount="4"/>
        <line num="1207" count="0" type="stmt"/>
        <line num="1216" count="0" type="cond" truecount="0" falsecount="4"/>
        <line num="1217" count="0" type="stmt"/>
        <line num="1221" count="0" type="stmt"/>
        <line num="1223" count="0" type="stmt"/>
        <line num="1224" count="0" type="stmt"/>
        <line num="1225" count="0" type="cond" truecount="0" falsecount="4"/>
        <line num="1230" count="0" type="stmt"/>
        <line num="1232" count="0" type="stmt"/>
        <line num="1243" count="0" type="stmt"/>
        <line num="1248" count="0" type="stmt"/>
        <line num="1252" count="0" type="stmt"/>
        <line num="1258" count="0" type="stmt"/>
        <line num="1260" count="0" type="stmt"/>
        <line num="1265" count="0" type="stmt"/>
        <line num="1276" count="0" type="cond" truecount="0" falsecount="2"/>
        <line num="1278" count="0" type="cond" truecount="0" falsecount="2"/>
        <line num="1280" count="0" type="cond" truecount="0" falsecount="2"/>
        <line num="1282" count="0" type="stmt"/>
        <line num="1283" count="0" type="stmt"/>
        <line num="1287" count="0" type="stmt"/>
        <line num="1288" count="0" type="cond" truecount="0" falsecount="2"/>
        <line num="1307" count="0" type="stmt"/>
        <line num="1322" count="0" type="stmt"/>
        <line num="1323" count="0" type="stmt"/>
        <line num="1335" count="0" type="cond" truecount="0" falsecount="2"/>
        <line num="1336" count="0" type="stmt"/>
        <line num="1338" count="0" type="cond" truecount="0" falsecount="2"/>
        <line num="1342" count="0" type="stmt"/>
        <line num="1382" count="0" type="stmt"/>
        <line num="1385" count="0" type="stmt"/>
        <line num="1394" count="0" type="cond" truecount="0" falsecount="2"/>
        <line num="1395" count="0" type="cond" truecount="0" falsecount="2"/>
        <line num="1396" count="0" type="stmt"/>
        <line num="1397" count="0" type="stmt"/>
        <line num="1398" count="0" type="stmt"/>
        <line num="1407" count="0" type="stmt"/>
        <line num="1411" count="0" type="stmt"/>
        <line num="1422" count="0" type="cond" truecount="0" falsecount="3"/>
        <line num="1439" count="0" type="stmt"/>
        <line num="1450" count="0" type="stmt"/>
        <line num="1459" count="0" type="cond" truecount="0" falsecount="4"/>
        <line num="1472" count="0" type="stmt"/>
        <line num="1473" count="0" type="stmt"/>
        <line num="1474" count="0" type="stmt"/>
        <line num="1475" count="0" type="stmt"/>
        <line num="1478" count="0" type="stmt"/>
        <line num="1486" count="0" type="stmt"/>
        <line num="1487" count="0" type="stmt"/>
        <line num="1489" count="0" type="cond" truecount="0" falsecount="2"/>
        <line num="1490" count="0" type="stmt"/>
        <line num="1494" count="0" type="cond" truecount="0" falsecount="2"/>
        <line num="1495" count="0" type="stmt"/>
        <line num="1496" count="0" type="stmt"/>
        <line num="1497" count="0" type="stmt"/>
        <line num="1503" count="0" type="cond" truecount="0" falsecount="4"/>
        <line num="1504" count="0" type="cond" truecount="0" falsecount="3"/>
        <line num="1512" count="0" type="stmt"/>
        <line num="1513" count="0" type="cond" truecount="0" falsecount="2"/>
        <line num="1514" count="0" type="stmt"/>
        <line num="1515" count="0" type="stmt"/>
        <line num="1516" count="0" type="stmt"/>
        <line num="1517" count="0" type="stmt"/>
        <line num="1518" count="0" type="cond" truecount="0" falsecount="2"/>
        <line num="1519" count="0" type="stmt"/>
        <line num="1524" count="0" type="stmt"/>
        <line num="1531" count="0" type="stmt"/>
        <line num="1532" count="0" type="stmt"/>
        <line num="1540" count="0" type="cond" truecount="0" falsecount="2"/>
        <line num="1546" count="0" type="stmt"/>
        <line num="1549" count="0" type="stmt"/>
        <line num="1550" count="0" type="stmt"/>
        <line num="1551" count="0" type="stmt"/>
        <line num="1552" count="0" type="stmt"/>
        <line num="1553" count="0" type="stmt"/>
        <line num="1554" count="0" type="stmt"/>
        <line num="1559" count="0" type="cond" truecount="0" falsecount="2"/>
        <line num="1561" count="0" type="stmt"/>
        <line num="1565" count="0" type="stmt"/>
        <line num="1572" count="0" type="cond" truecount="0" falsecount="2"/>
        <line num="1574" count="0" type="stmt"/>
        <line num="1576" count="0" type="stmt"/>
        <line num="1578" count="0" type="stmt"/>
        <line num="1588" count="0" type="stmt"/>
        <line num="1597" count="0" type="stmt"/>
        <line num="1598" count="0" type="stmt"/>
        <line num="1602" count="0" type="cond" truecount="0" falsecount="2"/>
        <line num="1603" count="0" type="stmt"/>
        <line num="1604" count="0" type="stmt"/>
        <line num="1606" count="0" type="stmt"/>
        <line num="1608" count="0" type="stmt"/>
        <line num="1616" count="0" type="cond" truecount="0" falsecount="2"/>
        <line num="1625" count="0" type="stmt"/>
        <line num="1636" count="0" type="stmt"/>
        <line num="1638" count="0" type="cond" truecount="0" falsecount="2"/>
        <line num="1639" count="0" type="stmt"/>
        <line num="1640" count="0" type="cond" truecount="0" falsecount="2"/>
        <line num="1641" count="0" type="stmt"/>
        <line num="1644" count="0" type="stmt"/>
        <line num="1645" count="0" type="stmt"/>
        <line num="1646" count="0" type="cond" truecount="0" falsecount="2"/>
        <line num="1647" count="0" type="cond" truecount="0" falsecount="2"/>
        <line num="1653" count="0" type="stmt"/>
        <line num="1657" count="0" type="cond" truecount="0" falsecount="2"/>
        <line num="1664" count="0" type="cond" truecount="0" falsecount="3"/>
        <line num="1669" count="0" type="stmt"/>
        <line num="1672" count="0" type="stmt"/>
        <line num="1675" count="0" type="stmt"/>
        <line num="1679" count="0" type="stmt"/>
        <line num="1684" count="0" type="stmt"/>
        <line num="1692" count="0" type="stmt"/>
        <line num="1693" count="0" type="stmt"/>
        <line num="1695" count="0" type="stmt"/>
        <line num="1696" count="0" type="stmt"/>
        <line num="1699" count="0" type="stmt"/>
        <line num="1712" count="0" type="cond" truecount="0" falsecount="2"/>
        <line num="1716" count="0" type="stmt"/>
        <line num="1717" count="0" type="cond" truecount="0" falsecount="2"/>
        <line num="1727" count="0" type="stmt"/>
        <line num="1728" count="0" type="stmt"/>
        <line num="1735" count="0" type="cond" truecount="0" falsecount="2"/>
        <line num="1742" count="0" type="stmt"/>
        <line num="1745" count="0" type="stmt"/>
        <line num="1756" count="0" type="stmt"/>
        <line num="1757" count="0" type="cond" truecount="0" falsecount="2"/>
        <line num="1766" count="0" type="stmt"/>
        <line num="1767" count="0" type="cond" truecount="0" falsecount="2"/>
        <line num="1768" count="0" type="stmt"/>
        <line num="1773" count="0" type="stmt"/>
        <line num="1774" count="0" type="stmt"/>
        <line num="1775" count="0" type="stmt"/>
        <line num="1776" count="0" type="stmt"/>
        <line num="1783" count="0" type="cond" truecount="0" falsecount="2"/>
        <line num="1787" count="0" type="stmt"/>
        <line num="1794" count="0" type="stmt"/>
        <line num="1801" count="0" type="stmt"/>
        <line num="1804" count="0" type="stmt"/>
        <line num="1807" count="0" type="stmt"/>
        <line num="1808" count="0" type="cond" truecount="0" falsecount="4"/>
        <line num="1811" count="0" type="stmt"/>
        <line num="1815" count="0" type="cond" truecount="0" falsecount="2"/>
        <line num="1817" count="0" type="cond" truecount="0" falsecount="2"/>
        <line num="1820" count="0" type="stmt"/>
        <line num="1822" count="0" type="cond" truecount="0" falsecount="2"/>
        <line num="1825" count="0" type="cond" truecount="0" falsecount="3"/>
        <line num="1829" count="0" type="cond" truecount="0" falsecount="2"/>
        <line num="1837" count="0" type="cond" truecount="0" falsecount="2"/>
        <line num="1839" count="0" type="stmt"/>
        <line num="1841" count="0" type="cond" truecount="0" falsecount="7"/>
        <line num="1854" count="0" type="stmt"/>
        <line num="1857" count="0" type="stmt"/>
        <line num="1858" count="0" type="stmt"/>
        <line num="1859" count="0" type="cond" truecount="0" falsecount="2"/>
        <line num="1861" count="0" type="stmt"/>
        <line num="1862" count="0" type="stmt"/>
        <line num="1865" count="0" type="stmt"/>
        <line num="1868" count="0" type="cond" truecount="0" falsecount="2"/>
        <line num="1873" count="0" type="stmt"/>
        <line num="1879" count="0" type="stmt"/>
        <line num="1880" count="0" type="stmt"/>
        <line num="1885" count="0" type="stmt"/>
        <line num="1892" count="0" type="stmt"/>
        <line num="1898" count="0" type="stmt"/>
        <line num="1899" count="0" type="stmt"/>
        <line num="1900" count="0" type="stmt"/>
        <line num="1901" count="0" type="stmt"/>
        <line num="1903" count="0" type="stmt"/>
        <line num="1909" count="0" type="cond" truecount="0" falsecount="4"/>
        <line num="1910" count="0" type="stmt"/>
        <line num="1913" count="0" type="stmt"/>
        <line num="1914" count="0" type="cond" truecount="0" falsecount="2"/>
        <line num="1928" count="0" type="stmt"/>
        <line num="1929" count="0" type="stmt"/>
        <line num="1931" count="0" type="cond" truecount="0" falsecount="2"/>
        <line num="1940" count="0" type="stmt"/>
        <line num="1941" count="0" type="stmt"/>
        <line num="1943" count="0" type="stmt"/>
        <line num="1945" count="0" type="cond" truecount="0" falsecount="2"/>
        <line num="1946" count="0" type="cond" truecount="0" falsecount="2"/>
        <line num="1947" count="0" type="stmt"/>
        <line num="1950" count="0" type="stmt"/>
        <line num="1951" count="0" type="cond" truecount="0" falsecount="3"/>
        <line num="1967" count="0" type="stmt"/>
        <line num="1968" count="0" type="stmt"/>
        <line num="1977" count="0" type="stmt"/>
        <line num="1981" count="0" type="cond" truecount="0" falsecount="2"/>
        <line num="1985" count="0" type="cond" truecount="0" falsecount="3"/>
        <line num="1993" count="0" type="stmt"/>
        <line num="1994" count="0" type="stmt"/>
        <line num="1995" count="0" type="stmt"/>
        <line num="1996" count="0" type="stmt"/>
        <line num="1998" count="0" type="cond" truecount="0" falsecount="2"/>
        <line num="2000" count="0" type="stmt"/>
        <line num="2004" count="0" type="stmt"/>
        <line num="2006" count="0" type="stmt"/>
        <line num="2025" count="0" type="stmt"/>
        <line num="2029" count="0" type="stmt"/>
        <line num="2033" count="0" type="stmt"/>
        <line num="2034" count="0" type="stmt"/>
        <line num="2045" count="0" type="stmt"/>
        <line num="2046" count="0" type="stmt"/>
        <line num="2050" count="0" type="stmt"/>
        <line num="2061" count="0" type="stmt"/>
        <line num="2069" count="0" type="stmt"/>
        <line num="2071" count="0" type="stmt"/>
        <line num="2072" count="0" type="stmt"/>
        <line num="2075" count="0" type="stmt"/>
        <line num="2083" count="0" type="stmt"/>
        <line num="2088" count="0" type="cond" truecount="0" falsecount="2"/>
        <line num="2094" count="0" type="stmt"/>
        <line num="2102" count="0" type="stmt"/>
        <line num="2104" count="0" type="stmt"/>
        <line num="2105" count="0" type="cond" truecount="0" falsecount="3"/>
        <line num="2113" count="0" type="stmt"/>
        <line num="2122" count="0" type="cond" truecount="0" falsecount="2"/>
        <line num="2128" count="0" type="stmt"/>
        <line num="2131" count="0" type="stmt"/>
        <line num="2135" count="0" type="stmt"/>
        <line num="2136" count="0" type="stmt"/>
        <line num="2137" count="0" type="stmt"/>
        <line num="2139" count="0" type="stmt"/>
        <line num="2147" count="0" type="stmt"/>
        <line num="2152" count="0" type="stmt"/>
        <line num="2153" count="0" type="stmt"/>
        <line num="2154" count="0" type="cond" truecount="0" falsecount="2"/>
        <line num="2155" count="0" type="stmt"/>
        <line num="2157" count="0" type="stmt"/>
        <line num="2158" count="0" type="cond" truecount="0" falsecount="2"/>
        <line num="2181" count="0" type="stmt"/>
        <line num="2185" count="0" type="stmt"/>
        <line num="2186" count="0" type="stmt"/>
        <line num="2187" count="0" type="stmt"/>
        <line num="2190" count="0" type="stmt"/>
        <line num="2191" count="0" type="stmt"/>
        <line num="2192" count="0" type="stmt"/>
        <line num="2193" count="0" type="cond" truecount="0" falsecount="2"/>
        <line num="2194" count="0" type="stmt"/>
        <line num="2196" count="0" type="stmt"/>
        <line num="2200" count="0" type="stmt"/>
        <line num="2201" count="0" type="stmt"/>
        <line num="2210" count="0" type="stmt"/>
        <line num="2211" count="0" type="stmt"/>
        <line num="2214" count="0" type="cond" truecount="0" falsecount="2"/>
        <line num="2219" count="0" type="cond" truecount="0" falsecount="2"/>
        <line num="2220" count="0" type="cond" truecount="0" falsecount="2"/>
        <line num="2222" count="0" type="stmt"/>
        <line num="2223" count="0" type="cond" truecount="0" falsecount="3"/>
        <line num="2227" count="0" type="stmt"/>
        <line num="2235" count="0" type="stmt"/>
        <line num="2243" count="0" type="stmt"/>
        <line num="2244" count="0" type="stmt"/>
        <line num="2245" count="0" type="cond" truecount="0" falsecount="2"/>
        <line num="2246" count="0" type="stmt"/>
        <line num="2249" count="0" type="stmt"/>
        <line num="2262" count="0" type="stmt"/>
        <line num="2263" count="0" type="stmt"/>
        <line num="2264" count="0" type="cond" truecount="0" falsecount="2"/>
        <line num="2265" count="0" type="stmt"/>
        <line num="2266" count="0" type="cond" truecount="0" falsecount="2"/>
        <line num="2270" count="0" type="cond" truecount="0" falsecount="2"/>
        <line num="2281" count="0" type="stmt"/>
        <line num="2285" count="0" type="stmt"/>
        <line num="2289" count="0" type="stmt"/>
        <line num="2293" count="0" type="cond" truecount="0" falsecount="2"/>
        <line num="2294" count="0" type="stmt"/>
        <line num="2295" count="0" type="stmt"/>
        <line num="2305" count="0" type="stmt"/>
        <line num="2309" count="0" type="stmt"/>
        <line num="2321" count="0" type="stmt"/>
        <line num="2322" count="0" type="stmt"/>
        <line num="2323" count="0" type="cond" truecount="0" falsecount="2"/>
        <line num="2330" count="0" type="stmt"/>
        <line num="2345" count="0" type="cond" truecount="0" falsecount="2"/>
        <line num="2351" count="0" type="stmt"/>
        <line num="2358" count="0" type="stmt"/>
        <line num="2360" count="0" type="stmt"/>
        <line num="2362" count="0" type="stmt"/>
        <line num="2364" count="0" type="stmt"/>
        <line num="2365" count="0" type="cond" truecount="0" falsecount="2"/>
        <line num="2367" count="0" type="cond" truecount="0" falsecount="2"/>
        <line num="2371" count="0" type="stmt"/>
        <line num="2372" count="0" type="stmt"/>
        <line num="2373" count="0" type="stmt"/>
        <line num="2377" count="0" type="stmt"/>
        <line num="2378" count="0" type="cond" truecount="0" falsecount="3"/>
        <line num="2383" count="0" type="cond" truecount="0" falsecount="2"/>
        <line num="2395" count="0" type="stmt"/>
        <line num="2399" count="0" type="stmt"/>
        <line num="2401" count="0" type="stmt"/>
        <line num="2402" count="0" type="stmt"/>
        <line num="2403" count="0" type="stmt"/>
        <line num="2404" count="0" type="stmt"/>
        <line num="2411" count="0" type="stmt"/>
        <line num="2413" count="0" type="stmt"/>
        <line num="2414" count="0" type="stmt"/>
        <line num="2415" count="0" type="stmt"/>
        <line num="2416" count="0" type="stmt"/>
        <line num="2423" count="0" type="cond" truecount="0" falsecount="2"/>
        <line num="2424" count="0" type="stmt"/>
        <line num="2425" count="0" type="cond" truecount="0" falsecount="2"/>
        <line num="2430" count="0" type="stmt"/>
        <line num="2433" count="0" type="stmt"/>
        <line num="2437" count="0" type="stmt"/>
        <line num="2441" count="0" type="cond" truecount="0" falsecount="2"/>
        <line num="2446" count="0" type="stmt"/>
        <line num="2448" count="0" type="stmt"/>
        <line num="2463" count="0" type="stmt"/>
        <line num="2465" count="0" type="stmt"/>
        <line num="2466" count="0" type="stmt"/>
        <line num="2467" count="0" type="cond" truecount="0" falsecount="2"/>
        <line num="2469" count="0" type="cond" truecount="0" falsecount="2"/>
        <line num="2476" count="0" type="stmt"/>
        <line num="2477" count="0" type="cond" truecount="0" falsecount="2"/>
        <line num="2481" count="0" type="cond" truecount="0" falsecount="2"/>
        <line num="2493" count="0" type="stmt"/>
        <line num="2495" count="0" type="stmt"/>
        <line num="2496" count="0" type="stmt"/>
        <line num="2497" count="0" type="stmt"/>
        <line num="2500" count="0" type="stmt"/>
        <line num="2509" count="0" type="stmt"/>
        <line num="2511" count="0" type="stmt"/>
        <line num="2512" count="0" type="stmt"/>
        <line num="2513" count="0" type="stmt"/>
        <line num="2516" count="0" type="stmt"/>
        <line num="2525" count="0" type="stmt"/>
        <line num="2529" count="0" type="stmt"/>
        <line num="2530" count="0" type="cond" truecount="0" falsecount="2"/>
        <line num="2536" count="0" type="stmt"/>
        <line num="2539" count="0" type="stmt"/>
        <line num="2543" count="0" type="stmt"/>
        <line num="2544" count="0" type="cond" truecount="0" falsecount="2"/>
        <line num="2546" count="0" type="stmt"/>
        <line num="2551" count="0" type="stmt"/>
        <line num="2552" count="0" type="cond" truecount="0" falsecount="2"/>
        <line num="2562" count="0" type="stmt"/>
        <line num="2563" count="0" type="stmt"/>
        <line num="2565" count="0" type="cond" truecount="0" falsecount="2"/>
        <line num="2567" count="0" type="stmt"/>
        <line num="2571" count="0" type="stmt"/>
        <line num="2572" count="0" type="cond" truecount="0" falsecount="2"/>
        <line num="2573" count="0" type="stmt"/>
        <line num="2575" count="0" type="cond" truecount="0" falsecount="2"/>
        <line num="2578" count="0" type="stmt"/>
        <line num="2581" count="0" type="stmt"/>
        <line num="2585" count="0" type="stmt"/>
        <line num="2586" count="0" type="stmt"/>
        <line num="2587" count="0" type="cond" truecount="0" falsecount="2"/>
        <line num="2588" count="0" type="stmt"/>
        <line num="2592" count="0" type="stmt"/>
        <line num="2600" count="0" type="stmt"/>
        <line num="2609" count="0" type="stmt"/>
        <line num="2611" count="0" type="stmt"/>
        <line num="2621" count="0" type="stmt"/>
        <line num="2623" count="0" type="stmt"/>
        <line num="2626" count="0" type="stmt"/>
        <line num="2635" count="0" type="stmt"/>
        <line num="2637" count="0" type="stmt"/>
        <line num="2640" count="0" type="stmt"/>
        <line num="2648" count="0" type="stmt"/>
        <line num="2650" count="0" type="stmt"/>
        <line num="2651" count="0" type="cond" truecount="0" falsecount="4"/>
        <line num="2654" count="0" type="stmt"/>
        <line num="2655" count="0" type="stmt"/>
        <line num="2658" count="0" type="stmt"/>
        <line num="2662" count="0" type="cond" truecount="0" falsecount="2"/>
        <line num="2670" count="0" type="stmt"/>
        <line num="2671" count="0" type="cond" truecount="0" falsecount="2"/>
        <line num="2678" count="0" type="stmt"/>
        <line num="2685" count="0" type="cond" truecount="0" falsecount="2"/>
        <line num="2696" count="0" type="cond" truecount="0" falsecount="2"/>
        <line num="2706" count="0" type="stmt"/>
        <line num="2708" count="0" type="stmt"/>
        <line num="2709" count="0" type="stmt"/>
        <line num="2711" count="0" type="stmt"/>
        <line num="2712" count="0" type="stmt"/>
        <line num="2714" count="0" type="stmt"/>
        <line num="2715" count="0" type="stmt"/>
        <line num="2717" count="0" type="stmt"/>
        <line num="2723" count="0" type="stmt"/>
        <line num="2725" count="0" type="stmt"/>
        <line num="2730" count="0" type="stmt"/>
        <line num="2734" count="0" type="cond" truecount="0" falsecount="2"/>
        <line num="2738" count="0" type="stmt"/>
        <line num="2752" count="0" type="stmt"/>
        <line num="2753" count="0" type="cond" truecount="0" falsecount="2"/>
        <line num="2761" count="0" type="cond" truecount="0" falsecount="2"/>
        <line num="2765" count="0" type="stmt"/>
        <line num="2767" count="0" type="stmt"/>
        <line num="2769" count="0" type="cond" truecount="0" falsecount="2"/>
        <line num="2770" count="0" type="stmt"/>
        <line num="2771" count="0" type="cond" truecount="0" falsecount="2"/>
        <line num="2772" count="0" type="stmt"/>
        <line num="2773" count="0" type="stmt"/>
        <line num="2775" count="0" type="stmt"/>
        <line num="2782" count="0" type="stmt"/>
        <line num="2783" count="0" type="stmt"/>
        <line num="2784" count="0" type="stmt"/>
        <line num="2790" count="0" type="stmt"/>
        <line num="2794" count="0" type="stmt"/>
        <line num="2798" count="0" type="stmt"/>
        <line num="2802" count="0" type="stmt"/>
        <line num="2806" count="0" type="stmt"/>
        <line num="2810" count="0" type="stmt"/>
        <line num="2813" count="0" type="cond" truecount="0" falsecount="5"/>
        <line num="2814" count="0" type="stmt"/>
        <line num="2815" count="0" type="stmt"/>
        <line num="2818" count="0" type="stmt"/>
        <line num="2823" count="0" type="stmt"/>
        <line num="2826" count="0" type="cond" truecount="0" falsecount="5"/>
        <line num="2827" count="0" type="stmt"/>
        <line num="2828" count="0" type="stmt"/>
        <line num="2831" count="0" type="stmt"/>
        <line num="2836" count="0" type="stmt"/>
        <line num="2840" count="0" type="stmt"/>
        <line num="2844" count="0" type="stmt"/>
        <line num="2848" count="0" type="stmt"/>
        <line num="2853" count="0" type="stmt"/>
        <line num="2857" count="0" type="stmt"/>
        <line num="2858" count="0" type="stmt"/>
        <line num="2868" count="0" type="cond" truecount="0" falsecount="2"/>
        <line num="2869" count="0" type="stmt"/>
        <line num="2875" count="0" type="stmt"/>
        <line num="2876" count="0" type="cond" truecount="0" falsecount="2"/>
        <line num="2877" count="0" type="stmt"/>
        <line num="2878" count="0" type="stmt"/>
        <line num="2879" count="0" type="stmt"/>
        <line num="2890" count="0" type="stmt"/>
        <line num="2900" count="0" type="stmt"/>
        <line num="2901" count="0" type="stmt"/>
        <line num="2902" count="0" type="cond" truecount="0" falsecount="2"/>
        <line num="2907" count="0" type="cond" truecount="0" falsecount="2"/>
        <line num="2908" count="0" type="cond" truecount="0" falsecount="2"/>
      </file>
    </package>
    <package name="vs-template.dist.js.webpack:.node_modules.vue.dist">
      <metrics statements="1833" coveredstatements="0" conditionals="2337" coveredconditionals="0" methods="466" coveredmethods="0"/>
      <file name="vue.runtime.esm.js" path="/Users/gry/study/vs-template/dist/js/webpack:/node_modules/vue/dist/vue.runtime.esm.js">
        <metrics statements="1833" coveredstatements="0" conditionals="2337" coveredconditionals="0" methods="466" coveredmethods="0"/>
        <line num="8" count="0" type="stmt"/>
        <line num="13" count="0" type="cond" truecount="0" falsecount="2"/>
        <line num="17" count="0" type="cond" truecount="0" falsecount="2"/>
        <line num="21" count="0" type="stmt"/>
        <line num="25" count="0" type="stmt"/>
        <line num="32" count="0" type="stmt"/>
        <line num="47" count="0" type="cond" truecount="0" falsecount="2"/>
        <line num="53" count="0" type="stmt"/>
        <line num="64" count="0" type="stmt"/>
        <line num="68" count="0" type="stmt"/>
        <line num="75" count="0" type="stmt"/>
        <line num="76" count="0" type="cond" truecount="0" falsecount="3"/>
        <line num="80" count="0" type="stmt"/>
        <line num="91" count="0" type="stmt"/>
        <line num="103" count="0" type="stmt"/>
        <line num="104" count="0" type="cond" truecount="0" falsecount="2"/>
        <line num="115" count="0" type="stmt"/>
        <line num="116" count="0" type="stmt"/>
        <line num="117" count="0" type="stmt"/>
        <line num="118" count="0" type="stmt"/>
        <line num="120" count="0" type="stmt"/>
        <line num="121" count="0" type="cond" truecount="0" falsecount="2"/>
        <line num="122" count="0" type="stmt"/>
        <line num="128" count="0" type="stmt"/>
        <line num="133" count="0" type="stmt"/>
        <line num="139" count="0" type="cond" truecount="0" falsecount="2"/>
        <line num="140" count="0" type="stmt"/>
        <line num="141" count="0" type="cond" truecount="0" falsecount="2"/>
        <line num="142" count="0" type="stmt"/>
        <line num="150" count="0" type="stmt"/>
        <line num="152" count="0" type="stmt"/>
        <line num="159" count="0" type="stmt"/>
        <line num="160" count="0" type="stmt"/>
        <line num="161" count="0" type="stmt"/>
        <line num="162" count="0" type="cond" truecount="0" falsecount="2"/>
        <line num="169" count="0" type="stmt"/>
        <line num="170" count="0" type="stmt"/>
        <line num="171" count="0" type="cond" truecount="0" falsecount="2"/>
        <line num="177" count="0" type="stmt"/>
        <line num="178" count="0" type="stmt"/>
        <line num="184" count="0" type="stmt"/>
        <line num="185" count="0" type="stmt"/>
        <line num="186" count="0" type="stmt"/>
        <line num="200" count="0" type="stmt"/>
        <line num="201" count="0" type="stmt"/>
        <line num="209" count="0" type="stmt"/>
        <line num="213" count="0" type="stmt"/>
        <line num="216" count="0" type="stmt"/>
        <line num="224" count="0" type="cond" truecount="0" falsecount="2"/>
        <line num="225" count="0" type="stmt"/>
        <line num="226" count="0" type="stmt"/>
        <line num="227" count="0" type="stmt"/>
        <line num="228" count="0" type="stmt"/>
        <line num="230" count="0" type="stmt"/>
        <line num="237" count="0" type="stmt"/>
        <line num="238" count="0" type="stmt"/>
        <line num="240" count="0" type="stmt"/>
        <line num="247" count="0" type="stmt"/>
        <line num="248" count="0" type="stmt"/>
        <line num="249" count="0" type="cond" truecount="0" falsecount="2"/>
        <line num="253" count="0" type="stmt"/>
        <line num="268" count="0" type="stmt"/>
        <line num="275" count="0" type="stmt"/>
        <line num="282" count="0" type="cond" truecount="0" falsecount="2"/>
        <line num="283" count="0" type="stmt"/>
        <line num="284" count="0" type="stmt"/>
        <line num="285" count="0" type="cond" truecount="0" falsecount="4"/>
        <line num="286" count="0" type="stmt"/>
        <line num="287" count="0" type="stmt"/>
        <line num="288" count="0" type="stmt"/>
        <line num="289" count="0" type="cond" truecount="0" falsecount="4"/>
        <line num="290" count="0" type="cond" truecount="0" falsecount="2"/>
        <line num="291" count="0" type="stmt"/>
        <line num="293" count="0" type="cond" truecount="0" falsecount="4"/>
        <line num="294" count="0" type="stmt"/>
        <line num="295" count="0" type="cond" truecount="0" falsecount="4"/>
        <line num="296" count="0" type="stmt"/>
        <line num="297" count="0" type="stmt"/>
        <line num="298" count="0" type="cond" truecount="0" falsecount="2"/>
        <line num="299" count="0" type="stmt"/>
        <line num="303" count="0" type="stmt"/>
        <line num="307" count="0" type="stmt"/>
        <line num="309" count="0" type="cond" truecount="0" falsecount="3"/>
        <line num="322" count="0" type="stmt"/>
        <line num="323" count="0" type="cond" truecount="0" falsecount="2"/>
        <line num="325" count="0" type="stmt"/>
        <line num="332" count="0" type="stmt"/>
        <line num="333" count="0" type="stmt"/>
        <line num="334" count="0" type="cond" truecount="0" falsecount="2"/>
        <line num="341" count="0" type="stmt"/>
        <line num="343" count="0" type="stmt"/>
        <line num="349" count="0" type="stmt"/>
        <line num="368" count="0" type="stmt"/>
        <line num="469" count="0" type="stmt"/>
        <line num="475" count="0" type="stmt"/>
        <line num="476" count="0" type="cond" truecount="0" falsecount="2"/>
        <line num="483" count="0" type="stmt"/>
        <line num="494" count="0" type="stmt"/>
        <line num="496" count="0" type="cond" truecount="0" falsecount="2"/>
        <line num="499" count="0" type="stmt"/>
        <line num="500" count="0" type="stmt"/>
        <line num="501" count="0" type="stmt"/>
        <line num="502" count="0" type="cond" truecount="0" falsecount="2"/>
        <line num="503" count="0" type="stmt"/>
        <line num="505" count="0" type="stmt"/>
        <line num="512" count="0" type="stmt"/>
        <line num="515" count="0" type="stmt"/>
        <line num="516" count="0" type="cond" truecount="0" falsecount="2"/>
        <line num="517" count="0" type="cond" truecount="0" falsecount="2"/>
        <line num="518" count="0" type="cond" truecount="0" falsecount="2"/>
        <line num="519" count="0" type="cond" truecount="0" falsecount="2"/>
        <line num="520" count="0" type="cond" truecount="0" falsecount="2"/>
        <line num="521" count="0" type="cond" truecount="0" falsecount="2"/>
        <line num="522" count="0" type="cond" truecount="0" falsecount="2"/>
        <line num="524" count="0" type="cond" truecount="0" falsecount="2"/>
        <line num="529" count="0" type="stmt"/>
        <line num="531" count="0" type="stmt"/>
        <line num="532" count="0" type="cond" truecount="0" falsecount="2"/>
        <line num="533" count="0" type="stmt"/>
        <line num="534" count="0" type="stmt"/>
        <line num="535" count="0" type="stmt"/>
        <line num="538" count="0" type="stmt"/>
        <line num="548" count="0" type="stmt"/>
        <line num="559" count="0" type="cond" truecount="0" falsecount="2"/>
        <line num="563" count="0" type="cond" truecount="0" falsecount="2"/>
        <line num="567" count="0" type="cond" truecount="0" falsecount="2"/>
        <line num="571" count="0" type="cond" truecount="0" falsecount="4"/>
        <line num="578" count="0" type="cond" truecount="0" falsecount="2"/>
        <line num="583" count="0" type="stmt"/>
        <line num="586" count="0" type="stmt"/>
        <line num="589" count="0" type="stmt"/>
        <line num="592" count="0" type="stmt"/>
        <line num="595" count="0" type="stmt"/>
        <line num="601" count="0" type="stmt"/>
        <line num="695" count="0" type="stmt"/>
        <line num="701" count="0" type="stmt"/>
        <line num="702" count="0" type="stmt"/>
        <line num="706" count="0" type="stmt"/>
        <line num="707" count="0" type="stmt"/>
        <line num="711" count="0" type="stmt"/>
        <line num="715" count="0" type="cond" truecount="0" falsecount="2"/>
        <line num="722" count="0" type="stmt"/>
        <line num="729" count="0" type="stmt"/>
        <line num="730" count="0" type="stmt"/>
        <line num="738" count="0" type="stmt"/>
        <line num="741" count="0" type="stmt"/>
        <line num="746" count="0" type="stmt"/>
        <line num="752" count="0" type="stmt"/>
        <line num="762" count="0" type="stmt"/>
        <line num="787" count="0" type="stmt"/>
        <line num="791" count="0" type="stmt"/>
        <line num="792" count="0" type="stmt"/>
        <line num="797" count="0" type="cond" truecount="0" falsecount="2"/>
        <line num="800" count="0" type="stmt"/>
        <line num="803" count="0" type="stmt"/>
        <line num="807" count="0" type="stmt"/>
        <line num="815" count="0" type="stmt"/>
        <line num="837" count="0" type="stmt"/>
        <line num="845" count="0" type="stmt"/>
        <line num="846" count="0" type="stmt"/>
        <line num="848" count="0" type="stmt"/>
        <line num="861" count="0" type="stmt"/>
        <line num="863" count="0" type="stmt"/>
        <line num="864" count="0" type="stmt"/>
        <line num="865" count="0" type="stmt"/>
        <line num="866" count="0" type="stmt"/>
        <line num="868" count="0" type="stmt"/>
        <line num="869" count="0" type="stmt"/>
        <line num="871" count="0" type="stmt"/>
        <line num="874" count="0" type="stmt"/>
        <line num="875" count="0" type="stmt"/>
        <line num="877" count="0" type="stmt"/>
        <line num="878" count="0" type="stmt"/>
        <line num="883" count="0" type="stmt"/>
        <line num="889" count="0" type="stmt"/>
        <line num="895" count="0" type="stmt"/>
        <line num="898" count="0" type="stmt"/>
        <line num="907" count="0" type="stmt"/>
        <line num="908" count="0" type="stmt"/>
        <line num="929" count="0" type="stmt"/>
        <line num="930" count="0" type="stmt"/>
        <line num="931" count="0" type="stmt"/>
        <line num="932" count="0" type="stmt"/>
        <line num="940" count="0" type="stmt"/>
        <line num="941" count="0" type="stmt"/>
        <line num="953" count="0" type="stmt"/>
        <line num="963" count="0" type="stmt"/>
        <line num="964" count="0" type="stmt"/>
        <line num="965" count="0" type="stmt"/>
        <line num="975" count="0" type="cond" truecount="0" falsecount="4"/>
        <line num="993" count="0" type="stmt"/>
        <line num="1006" count="0" type="stmt"/>
        <line num="1008" count="0" type="stmt"/>
        <line num="1009" count="0" type="cond" truecount="0" falsecount="4"/>
        <line num="1014" count="0" type="cond" truecount="0" falsecount="2"/>
        <line num="1015" count="0" type="cond" truecount="0" falsecount="2"/>
        <line num="1016" count="0" type="cond" truecount="0" falsecount="4"/>
        <line num="1020" count="0" type="cond" truecount="0" falsecount="2"/>
        <line num="1021" count="0" type="stmt"/>
        <line num="1025" count="0" type="cond" truecount="0" falsecount="2"/>
        <line num="1035" count="0" type="stmt"/>
        <line num="1038" count="0" type="cond" truecount="0" falsecount="2"/>
        <line num="1040" count="0" type="cond" truecount="0" falsecount="6"/>
        <line num="1071" count="0" type="cond" truecount="0" falsecount="4"/>
        <line num="1074" count="0" type="stmt"/>
        <line num="1076" count="0" type="cond" truecount="0" falsecount="4"/>
        <line num="1078" count="0" type="stmt"/>
        <line num="1080" count="0" type="stmt"/>
        <line num="1081" count="0" type="cond" truecount="0" falsecount="3"/>
        <line num="1106" count="0" type="cond" truecount="0" falsecount="4"/>
        <line num="1107" count="0" type="stmt"/>
        <line num="1110" count="0" type="stmt"/>
        <line num="1111" count="0" type="cond" truecount="0" falsecount="5"/>
        <line num="1133" count="0" type="stmt"/>
        <line num="1134" count="0" type="stmt"/>
        <line num="1149" count="0" type="stmt"/>
        <line num="1170" count="0" type="cond" truecount="0" falsecount="2"/>
        <line num="1173" count="0" type="stmt"/>
        <line num="1177" count="0" type="stmt"/>
        <line num="1178" count="0" type="stmt"/>
        <line num="1193" count="0" type="stmt"/>
        <line num="1204" count="0" type="stmt"/>
        <line num="1218" count="0" type="stmt"/>
        <line num="1226" count="0" type="stmt"/>
        <line num="1229" count="0" type="stmt"/>
        <line num="1232" count="0" type="stmt"/>
        <line num="1241" count="0" type="stmt"/>
        <line num="1246" count="0" type="stmt"/>
        <line num="1270" count="0" type="stmt"/>
        <line num="1277" count="0" type="stmt"/>
        <line num="1283" count="0" type="stmt"/>
        <line num="1284" count="0" type="cond" truecount="0" falsecount="2"/>
        <line num="1289" count="0" type="stmt"/>
        <line num="1293" count="0" type="stmt"/>
        <line num="1309" count="0" type="cond" truecount="0" falsecount="2"/>
        <line num="1310" count="0" type="stmt"/>
        <line num="1319" count="0" type="stmt"/>
        <line num="1338" count="0" type="cond" truecount="0" falsecount="4"/>
        <line num="1342" count="0" type="cond" truecount="0" falsecount="2"/>
        <line num="1343" count="0" type="stmt"/>
        <line num="1345" count="0" type="stmt"/>
        <line num="1346" count="0" type="stmt"/>
        <line num="1347" count="0" type="stmt"/>
        <line num="1348" count="0" type="cond" truecount="0" falsecount="3"/>
        <line num="1355" count="0" type="stmt"/>
        <line num="1373" count="0" type="cond" truecount="0" falsecount="2"/>
        <line num="1374" count="0" type="stmt"/>
        <line num="1377" count="0" type="stmt"/>
        <line num="1384" count="0" type="stmt"/>
        <line num="1385" count="0" type="stmt"/>
        <line num="1419" count="0" type="stmt"/>
        <line num="1420" count="0" type="cond" truecount="0" falsecount="2"/>
        <line num="1421" count="0" type="stmt"/>
        <line num="1423" count="0" type="cond" truecount="0" falsecount="2"/>
        <line num="1424" count="0" type="stmt"/>
        <line num="1425" count="0" type="stmt"/>
        <line num="1426" count="0" type="stmt"/>
        <line num="1434" count="0" type="cond" truecount="0" falsecount="2"/>
        <line num="1435" count="0" type="stmt"/>
        <line num="1436" count="0" type="stmt"/>
        <line num="1442" count="0" type="stmt"/>
        <line num="1449" count="0" type="stmt"/>
        <line num="1456" count="0" type="stmt"/>
        <line num="1457" count="0" type="cond" truecount="0" falsecount="2"/>
        <line num="1458" count="0" type="stmt"/>
        <line num="1459" count="0" type="cond" truecount="0" falsecount="2"/>
        <line num="1460" count="0" type="stmt"/>
        <line num="1461" count="0" type="stmt"/>
        <line num="1463" count="0" type="cond" truecount="0" falsecount="2"/>
        <line num="1464" count="0" type="stmt"/>
        <line num="1465" count="0" type="stmt"/>
        <line num="1466" count="0" type="stmt"/>
        <line num="1470" count="0" type="stmt"/>
        <line num="1483" count="0" type="stmt"/>
        <line num="1484" count="0" type="cond" truecount="0" falsecount="2"/>
        <line num="1485" count="0" type="stmt"/>
        <line num="1486" count="0" type="stmt"/>
        <line num="1487" count="0" type="cond" truecount="0" falsecount="2"/>
        <line num="1529" count="0" type="cond" truecount="0" falsecount="2"/>
        <line num="1534" count="0" type="stmt"/>
        <line num="1535" count="0" type="stmt"/>
        <line num="1540" count="0" type="stmt"/>
        <line num="1542" count="0" type="stmt"/>
        <line num="1543" count="0" type="stmt"/>
        <line num="1545" count="0" type="stmt"/>
        <line num="1546" count="0" type="cond" truecount="0" falsecount="2"/>
        <line num="1551" count="0" type="cond" truecount="0" falsecount="2"/>
        <line num="1552" count="0" type="stmt"/>
        <line num="1554" count="0" type="stmt"/>
        <line num="1569" count="0" type="cond" truecount="0" falsecount="2"/>
        <line num="1572" count="0" type="stmt"/>
        <line num="1574" count="0" type="cond" truecount="0" falsecount="2"/>
        <line num="1575" count="0" type="stmt"/>
        <line num="1576" count="0" type="cond" truecount="0" falsecount="2"/>
        <line num="1577" count="0" type="stmt"/>
        <line num="1578" count="0" type="cond" truecount="0" falsecount="2"/>
        <line num="1580" count="0" type="cond" truecount="0" falsecount="3"/>
        <line num="1587" count="0" type="stmt"/>
        <line num="1600" count="0" type="stmt"/>
        <line num="1601" count="0" type="stmt"/>
        <line num="1602" count="0" type="stmt"/>
        <line num="1604" count="0" type="stmt"/>
        <line num="1605" count="0" type="cond" truecount="0" falsecount="2"/>
        <line num="1606" count="0" type="cond" truecount="0" falsecount="4"/>
        <line num="1607" count="0" type="stmt"/>
        <line num="1608" count="0" type="cond" truecount="0" falsecount="4"/>
        <line num="1611" count="0" type="stmt"/>
        <line num="1618" count="0" type="cond" truecount="0" falsecount="2"/>
        <line num="1619" count="0" type="stmt"/>
        <line num="1622" count="0" type="stmt"/>
        <line num="1623" count="0" type="stmt"/>
        <line num="1634" count="0" type="stmt"/>
        <line num="1642" count="0" type="cond" truecount="0" falsecount="2"/>
        <line num="1645" count="0" type="stmt"/>
        <line num="1657" count="0" type="cond" truecount="0" falsecount="4"/>
        <line num="1753" count="0" type="cond" truecount="0" falsecount="2"/>
        <line num="1754" count="0" type="cond" truecount="0" falsecount="2"/>
        <line num="1758" count="0" type="stmt"/>
        <line num="1762" count="0" type="cond" truecount="0" falsecount="2"/>
        <line num="1763" count="0" type="cond" truecount="0" falsecount="2"/>
        <line num="1765" count="0" type="stmt"/>
        <line num="1766" count="0" type="cond" truecount="0" falsecount="2"/>
        <line num="1767" count="0" type="stmt"/>
        <line num="1770" count="0" type="stmt"/>
        <line num="1821" count="0" type="stmt"/>
        <line num="1822" count="0" type="stmt"/>
        <line num="1823" count="0" type="cond" truecount="0" falsecount="2"/>
        <line num="1824" count="0" type="stmt"/>
        <line num="1825" count="0" type="stmt"/>
        <line num="1826" count="0" type="stmt"/>
        <line num="1827" count="0" type="cond" truecount="0" falsecount="2"/>
        <line num="1828" count="0" type="stmt"/>
        <line num="1829" count="0" type="stmt"/>
        <line num="1830" count="0" type="stmt"/>
        <line num="1831" count="0" type="cond" truecount="0" falsecount="2"/>
        <line num="1833" count="0" type="stmt"/>
        <line num="1839" count="0" type="stmt"/>
        <line num="1841" count="0" type="stmt"/>
        <line num="1853" count="0" type="stmt"/>
        <line num="1854" count="0" type="cond" truecount="0" falsecount="2"/>
        <line num="1856" count="0" type="stmt"/>
        <line num="1862" count="0" type="stmt"/>
        <line num="1864" count="0" type="stmt"/>
        <line num="1868" count="0" type="cond" truecount="0" falsecount="2"/>
        <line num="1869" count="0" type="stmt"/>
        <line num="1870" count="0" type="stmt"/>
        <line num="1874" count="0" type="cond" truecount="0" falsecount="2"/>
        <line num="1879" count="0" type="stmt"/>
        <line num="1887" count="0" type="cond" truecount="0" falsecount="5"/>
        <line num="1888" count="0" type="stmt"/>
        <line num="1890" count="0" type="stmt"/>
        <line num="1896" count="0" type="stmt"/>
        <line num="1898" count="0" type="stmt"/>
        <line num="1899" count="0" type="stmt"/>
        <line num="1902" count="0" type="stmt"/>
        <line num="1903" count="0" type="stmt"/>
        <line num="1904" count="0" type="stmt"/>
        <line num="1905" count="0" type="stmt"/>
        <line num="1906" count="0" type="stmt"/>
        <line num="1930" count="0" type="cond" truecount="0" falsecount="4"/>
        <line num="1931" count="0" type="stmt"/>
        <line num="1932" count="0" type="stmt"/>
        <line num="1933" count="0" type="stmt"/>
        <line num="1942" count="0" type="cond" truecount="0" falsecount="6"/>
        <line num="1950" count="0" type="stmt"/>
        <line num="1951" count="0" type="stmt"/>
        <line num="1952" count="0" type="stmt"/>
        <line num="1953" count="0" type="stmt"/>
        <line num="1957" count="0" type="stmt"/>
        <line num="1965" count="0" type="cond" truecount="0" falsecount="2"/>
        <line num="1966" count="0" type="stmt"/>
        <line num="1971" count="0" type="stmt"/>
        <line num="1978" count="0" type="cond" truecount="0" falsecount="2"/>
        <line num="1979" count="0" type="stmt"/>
        <line num="1980" count="0" type="stmt"/>
        <line num="1982" count="0" type="stmt"/>
        <line num="1984" count="0" type="cond" truecount="0" falsecount="2"/>
        <line num="1993" count="0" type="cond" truecount="0" falsecount="2"/>
        <line num="1994" count="0" type="stmt"/>
        <line num="1995" count="0" type="stmt"/>
        <line num="2092" count="0" type="stmt"/>
        <line num="2100" count="0" type="stmt"/>
        <line num="2106" count="0" type="stmt"/>
        <line num="2107" count="0" type="cond" truecount="0" falsecount="6"/>
        <line num="2110" count="0" type="cond" truecount="0" falsecount="2"/>
        <line num="2111" count="0" type="stmt"/>
        <line num="2112" count="0" type="cond" truecount="0" falsecount="2"/>
        <line num="2113" count="0" type="stmt"/>
        <line num="2115" count="0" type="stmt"/>
        <line num="2117" count="0" type="cond" truecount="0" falsecount="2"/>
        <line num="2118" count="0" type="stmt"/>
        <line num="2119" count="0" type="stmt"/>
        <line num="2121" count="0" type="stmt"/>
        <line num="2123" count="0" type="stmt"/>
        <line num="2152" count="0" type="stmt"/>
        <line num="2153" count="0" type="stmt"/>
        <line num="2154" count="0" type="cond" truecount="0" falsecount="2"/>
        <line num="2155" count="0" type="stmt"/>
        <line num="2156" count="0" type="cond" truecount="0" falsecount="2"/>
        <line num="2157" count="0" type="stmt"/>
        <line num="2159" count="0" type="stmt"/>
        <line num="2169" count="0" type="stmt"/>
        <line num="2171" count="0" type="stmt"/>
        <line num="2172" count="0" type="cond" truecount="0" falsecount="2"/>
        <line num="2173" count="0" type="stmt"/>
        <line num="2174" count="0" type="stmt"/>
        <line num="2175" count="0" type="stmt"/>
        <line num="2179" count="0" type="stmt"/>
        <line num="2183" count="0" type="stmt"/>
        <line num="2195" count="0" type="stmt"/>
        <line num="2196" count="0" type="stmt"/>
        <line num="2217" count="0" type="stmt"/>
        <line num="2218" count="0" type="cond" truecount="0" falsecount="2"/>
        <line num="2228" count="0" type="cond" truecount="0" falsecount="2"/>
        <line num="2232" count="0" type="stmt"/>
        <line num="2235" count="0" type="stmt"/>
        <line num="2241" count="0" type="stmt"/>
        <line num="2270" count="0" type="stmt"/>
        <line num="2271" count="0" type="cond" truecount="0" falsecount="2"/>
        <line num="2274" count="0" type="stmt"/>
        <line num="2275" count="0" type="stmt"/>
        <line num="2276" count="0" type="stmt"/>
        <line num="2277" count="0" type="cond" truecount="0" falsecount="4"/>
        <line num="2278" count="0" type="stmt"/>
        <line num="2279" count="0" type="stmt"/>
        <line num="2296" count="0" type="cond" truecount="0" falsecount="2"/>
        <line num="2300" count="0" type="stmt"/>
        <line num="2310" count="0" type="cond" truecount="0" falsecount="2"/>
        <line num="2311" count="0" type="cond" truecount="0" falsecount="2"/>
        <line num="2316" count="0" type="stmt"/>
        <line num="2317" count="0" type="cond" truecount="0" falsecount="2"/>
        <line num="2322" count="0" type="stmt"/>
        <line num="2325" count="0" type="stmt"/>
        <line num="2343" count="0" type="stmt"/>
        <line num="2344" count="0" type="cond" truecount="0" falsecount="2"/>
        <line num="2345" count="0" type="stmt"/>
        <line num="2348" count="0" type="stmt"/>
        <line num="2356" count="0" type="stmt"/>
        <line num="2364" count="0" type="cond" truecount="0" falsecount="3"/>
        <line num="2368" count="0" type="stmt"/>
        <line num="2370" count="0" type="stmt"/>
        <line num="2371" count="0" type="stmt"/>
        <line num="2412" count="0" type="stmt"/>
        <line num="2418" count="0" type="stmt"/>
        <line num="2419" count="0" type="cond" truecount="0" falsecount="2"/>
        <line num="2427" count="0" type="stmt"/>
        <line num="2428" count="0" type="cond" truecount="0" falsecount="2"/>
        <line num="2442" count="0" type="stmt"/>
        <line num="2450" count="0" type="cond" truecount="0" falsecount="2"/>
        <line num="2452" count="0" type="stmt"/>
        <line num="2453" count="0" type="stmt"/>
        <line num="2457" count="0" type="stmt"/>
        <line num="2458" count="0" type="stmt"/>
        <line num="2460" count="0" type="cond" truecount="0" falsecount="2"/>
        <line num="2461" count="0" type="stmt"/>
        <line num="2462" count="0" type="stmt"/>
        <line num="2463" count="0" type="stmt"/>
        <line num="2464" count="0" type="cond" truecount="0" falsecount="4"/>
        <line num="2465" count="0" type="stmt"/>
        <line num="2466" count="0" type="stmt"/>
        <line num="2468" count="0" type="stmt"/>
        <line num="2470" count="0" type="cond" truecount="0" falsecount="2"/>
        <line num="2471" count="0" type="cond" truecount="0" falsecount="2"/>
        <line num="2472" count="0" type="stmt"/>
        <line num="2473" count="0" type="stmt"/>
        <line num="2476" count="0" type="stmt"/>
        <line num="2481" count="0" type="stmt"/>
        <line num="2496" count="0" type="cond" truecount="0" falsecount="4"/>
        <line num="2497" count="0" type="stmt"/>
        <line num="2499" count="0" type="stmt"/>
        <line num="2500" count="0" type="stmt"/>
        <line num="2501" count="0" type="stmt"/>
        <line num="2502" count="0" type="stmt"/>
        <line num="2509" count="0" type="cond" truecount="0" falsecount="6"/>
        <line num="2510" count="0" type="stmt"/>
        <line num="2512" count="0" type="stmt"/>
[...]
        <line num="7671" count="0" type="stmt"/>
        <line num="7677" count="0" type="stmt"/>
        <line num="7681" count="0" type="stmt"/>
        <line num="7682" count="0" type="cond" truecount="0" falsecount="3"/>
        <line num="7701" count="0" type="stmt"/>
        <line num="7709" count="0" type="cond" truecount="0" falsecount="5"/>
        <line num="7721" count="0" type="stmt"/>
        <line num="7759" count="0" type="cond" truecount="0" falsecount="2"/>
        <line num="7769" count="0" type="cond" truecount="0" falsecount="2"/>
        <line num="7770" count="0" type="stmt"/>
        <line num="7772" count="0" type="stmt"/>
        <line num="7773" count="0" type="stmt"/>
        <line num="7785" count="0" type="cond" truecount="0" falsecount="2"/>
        <line num="7791" count="0" type="cond" truecount="0" falsecount="2"/>
        <line num="7794" count="0" type="stmt"/>
        <line num="7804" count="0" type="stmt"/>
        <line num="7817" count="0" type="stmt"/>
        <line num="7819" count="0" type="stmt"/>
        <line num="7827" count="0" type="cond" truecount="0" falsecount="2"/>
        <line num="7830" count="0" type="stmt"/>
        <line num="7831" count="0" type="cond" truecount="0" falsecount="3"/>
        <line num="7837" count="0" type="stmt"/>
        <line num="7839" count="0" type="stmt"/>
        <line num="7843" count="0" type="stmt"/>
        <line num="7868" count="0" type="cond" truecount="0" falsecount="2"/>
        <line num="7869" count="0" type="stmt"/>
        <line num="7874" count="0" type="stmt"/>
        <line num="7875" count="0" type="stmt"/>
        <line num="7876" count="0" type="cond" truecount="0" falsecount="2"/>
        <line num="7879" count="0" type="stmt"/>
        <line num="7880" count="0" type="cond" truecount="0" falsecount="2"/>
        <line num="7882" count="0" type="cond" truecount="0" falsecount="2"/>
        <line num="7891" count="0" type="stmt"/>
        <line num="7895" count="0" type="stmt"/>
        <line num="7901" count="0" type="stmt"/>
        <line num="7902" count="0" type="stmt"/>
        <line num="7903" count="0" type="cond" truecount="0" falsecount="4"/>
        <line num="7912" count="0" type="stmt"/>
        <line num="7914" count="0" type="cond" truecount="0" falsecount="2"/>
        <line num="7915" count="0" type="stmt"/>
        <line num="7920" count="0" type="cond" truecount="0" falsecount="2"/>
        <line num="7924" count="0" type="stmt"/>
        <line num="7928" count="0" type="cond" truecount="0" falsecount="2"/>
        <line num="7934" count="0" type="stmt"/>
        <line num="7938" count="0" type="stmt"/>
        <line num="7944" count="0" type="stmt"/>
        <line num="7949" count="0" type="cond" truecount="0" falsecount="2"/>
        <line num="7955" count="0" type="stmt"/>
        <line num="7956" count="0" type="stmt"/>
        <line num="7964" count="0" type="cond" truecount="0" falsecount="3"/>
        <line num="7969" count="0" type="stmt"/>
        <line num="7971" count="0" type="stmt"/>
        <line num="7973" count="0" type="stmt"/>
        <line num="7974" count="0" type="cond" truecount="0" falsecount="2"/>
        <line num="7975" count="0" type="stmt"/>
        <line num="7977" count="0" type="cond" truecount="0" falsecount="2"/>
        <line num="7980" count="0" type="stmt"/>
        <line num="7988" count="0" type="stmt"/>
        <line num="7989" count="0" type="stmt"/>
        <line num="7992" count="0" type="cond" truecount="0" falsecount="2"/>
        <line num="7993" count="0" type="stmt"/>
        <line num="7994" count="0" type="cond" truecount="0" falsecount="2"/>
        <line num="7995" count="0" type="stmt"/>
        <line num="7999" count="0" type="stmt"/>
        <line num="8003" count="0" type="stmt"/>
        <line num="8018" count="0" type="cond" truecount="0" falsecount="2"/>
        <line num="8024" count="0" type="stmt"/>
        <line num="8031" count="0" type="stmt"/>
        <line num="8052" count="0" type="cond" truecount="0" falsecount="2"/>
        <line num="8053" count="0" type="cond" truecount="0" falsecount="2"/>
        <line num="8061" count="0" type="stmt"/>
        <line num="8062" count="0" type="stmt"/>
        <line num="8064" count="0" type="stmt"/>
        <line num="8065" count="0" type="stmt"/>
        <line num="8069" count="0" type="stmt"/>
        <line num="8070" count="0" type="stmt"/>
        <line num="8071" count="0" type="stmt"/>
        <line num="8073" count="0" type="stmt"/>
        <line num="8077" count="0" type="cond" truecount="0" falsecount="2"/>
        <line num="8078" count="0" type="stmt"/>
        <line num="8085" count="0" type="stmt"/>
        <line num="8086" count="0" type="cond" truecount="0" falsecount="2"/>
        <line num="8087" count="0" type="stmt"/>
        <line num="8093" count="0" type="cond" truecount="0" falsecount="2"/>
        <line num="8096" count="0" type="cond" truecount="0" falsecount="2"/>
        <line num="8098" count="0" type="stmt"/>
        <line num="8100" count="0" type="stmt"/>
        <line num="8106" count="0" type="stmt"/>
        <line num="8108" count="0" type="stmt"/>
        <line num="8109" count="0" type="cond" truecount="0" falsecount="4"/>
        <line num="8121" count="0" type="stmt"/>
        <line num="8129" count="0" type="stmt"/>
        <line num="8132" count="0" type="stmt"/>
        <line num="8141" count="0" type="stmt"/>
        <line num="8145" count="0" type="cond" truecount="0" falsecount="2"/>
        <line num="8146" count="0" type="stmt"/>
        <line num="8151" count="0" type="stmt"/>
        <line num="8153" count="0" type="cond" truecount="0" falsecount="2"/>
        <line num="8154" count="0" type="stmt"/>
        <line num="8157" count="0" type="cond" truecount="0" falsecount="2"/>
        <line num="8158" count="0" type="stmt"/>
        <line num="8164" count="0" type="stmt"/>
        <line num="8165" count="0" type="stmt"/>
        <line num="8173" count="0" type="cond" truecount="0" falsecount="2"/>
        <line num="8174" count="0" type="stmt"/>
        <line num="8175" count="0" type="stmt"/>
        <line num="8183" count="0" type="cond" truecount="0" falsecount="2"/>
        <line num="8193" count="0" type="stmt"/>
        <line num="8195" count="0" type="cond" truecount="0" falsecount="2"/>
        <line num="8199" count="0" type="stmt"/>
        <line num="8202" count="0" type="stmt"/>
        <line num="8203" count="0" type="cond" truecount="0" falsecount="2"/>
        <line num="8204" count="0" type="cond" truecount="0" falsecount="2"/>
        <line num="8205" count="0" type="stmt"/>
        <line num="8208" count="0" type="stmt"/>
        <line num="8209" count="0" type="stmt"/>
        <line num="8211" count="0" type="stmt"/>
        <line num="8215" count="0" type="stmt"/>
        <line num="8221" count="0" type="stmt"/>
        <line num="8224" count="0" type="stmt"/>
        <line num="8228" count="0" type="stmt"/>
        <line num="8232" count="0" type="stmt"/>
        <line num="8234" count="0" type="stmt"/>
        <line num="8235" count="0" type="stmt"/>
        <line num="8236" count="0" type="stmt"/>
        <line num="8238" count="0" type="stmt"/>
        <line num="8251" count="0" type="cond" truecount="0" falsecount="3"/>
        <line num="8252" count="0" type="stmt"/>
        <line num="8253" count="0" type="stmt"/>
        <line num="8254" count="0" type="cond" truecount="0" falsecount="2"/>
        <line num="8255" count="0" type="stmt"/>
        <line num="8256" count="0" type="stmt"/>
        <line num="8258" count="0" type="stmt"/>
        <line num="8259" count="0" type="stmt"/>
        <line num="8260" count="0" type="cond" truecount="0" falsecount="2"/>
        <line num="8261" count="0" type="cond" truecount="0" falsecount="4"/>
        <line num="8262" count="0" type="stmt"/>
        <line num="8273" count="0" type="cond" truecount="0" falsecount="2"/>
        <line num="8274" count="0" type="stmt"/>
        <line num="8275" count="0" type="stmt"/>
        <line num="8276" count="0" type="stmt"/>
        <line num="8277" count="0" type="stmt"/>
        <line num="8278" count="0" type="stmt"/>
        <line num="8286" count="0" type="stmt"/>
        <line num="8290" count="0" type="stmt"/>
        <line num="8294" count="0" type="stmt"/>
        <line num="8295" count="0" type="cond" truecount="0" falsecount="4"/>
        <line num="8296" count="0" type="cond" truecount="0" falsecount="3"/>
        <line num="8312" count="0" type="cond" truecount="0" falsecount="2"/>
        <line num="8313" count="0" type="stmt"/>
        <line num="8314" count="0" type="stmt"/>
        <line num="8315" count="0" type="stmt"/>
        <line num="8318" count="0" type="cond" truecount="0" falsecount="5"/>
        <line num="8334" count="0" type="cond" truecount="0" falsecount="2"/>
        <line num="8335" count="0" type="stmt"/>
        <line num="8338" count="0" type="cond" truecount="0" falsecount="2"/>
        <line num="8339" count="0" type="stmt"/>
        <line num="8346" count="0" type="stmt"/>
        <line num="8347" count="0" type="cond" truecount="0" falsecount="2"/>
        <line num="8348" count="0" type="stmt"/>
        <line num="8353" count="0" type="stmt"/>
        <line num="8355" count="0" type="stmt"/>
        <line num="8362" count="0" type="cond" truecount="0" falsecount="2"/>
        <line num="8372" count="0" type="stmt"/>
        <line num="8376" count="0" type="stmt"/>
        <line num="8377" count="0" type="stmt"/>
        <line num="8378" count="0" type="stmt"/>
        <line num="8379" count="0" type="stmt"/>
        <line num="8380" count="0" type="cond" truecount="0" falsecount="4"/>
        <line num="8381" count="0" type="stmt"/>
        <line num="8382" count="0" type="stmt"/>
        <line num="8383" count="0" type="stmt"/>
        <line num="8388" count="0" type="stmt"/>
        <line num="8396" count="0" type="stmt"/>
        <line num="8415" count="0" type="stmt"/>
        <line num="8422" count="0" type="cond" truecount="0" falsecount="3"/>
      </file>
    </package>
    <package name="vs-template.dist.js.webpack:.src">
      <metrics statements="10" coveredstatements="0" conditionals="2" coveredconditionals="0" methods="4" coveredmethods="0"/>
      <file name="App.vue" path="/Users/gry/study/vs-template/dist/js/webpack:/src/App.vue">
        <metrics statements="1" coveredstatements="0" conditionals="0" coveredconditionals="0" methods="0" coveredmethods="0"/>
        <line num="9" count="0" type="stmt"/>
      </file>
      <file name="App.vue?1160" path="/Users/gry/study/vs-template/dist/js/webpack:/src/App.vue?1160">
        <metrics statements="1" coveredstatements="0" conditionals="0" coveredconditionals="0" methods="0" coveredmethods="0"/>
        <line num="1" count="0" type="stmt"/>
      </file>
      <file name="App.vue?7e02" path="/Users/gry/study/vs-template/dist/js/webpack:/src/App.vue?7e02">
        <metrics statements="1" coveredstatements="0" conditionals="0" coveredconditionals="0" methods="1" coveredmethods="0"/>
        <line num="1" count="0" type="stmt"/>
      </file>
      <file name="App.vue?97fd" path="/Users/gry/study/vs-template/dist/js/webpack:/src/App.vue?97fd">
        <metrics statements="2" coveredstatements="0" conditionals="2" coveredconditionals="0" methods="2" coveredmethods="0"/>
        <line num="1" count="0" type="cond" truecount="0" falsecount="2"/>
        <line num="2" count="0" type="stmt"/>
      </file>
      <file name="main.js" path="/Users/gry/study/vs-template/dist/js/webpack:/src/main.js">
        <metrics statements="2" coveredstatements="0" conditionals="0" coveredconditionals="0" methods="1" coveredmethods="0"/>
        <line num="5" count="0" type="stmt"/>
        <line num="9" count="0" type="stmt"/>
      </file>
      <file name="router.js" path="/Users/gry/study/vs-template/dist/js/webpack:/src/router.js">
        <metrics statements="3" coveredstatements="0" conditionals="0" coveredconditionals="0" methods="0" coveredmethods="0"/>
        <line num="6" count="0" type="stmt"/>
        <line num="9" count="0" type="stmt"/>
        <line num="18" count="0" type="stmt"/>
      </file>
    </package>
    <package name="vs-template.dist.js.webpack:.src.components">
      <metrics statements="10" coveredstatements="0" conditionals="4" coveredconditionals="0" methods="5" coveredmethods="0"/>
      <file name="index.js" path="/Users/gry/study/vs-template/dist/js/webpack:/src/components/index.js">
        <metrics statements="2" coveredstatements="0" conditionals="0" coveredconditionals="0" methods="0" coveredmethods="0"/>
        <line num="5" count="0" type="stmt"/>
        <line num="9" count="0" type="stmt"/>
      </file>
      <file name="index.vue" path="/Users/gry/study/vs-template/dist/js/webpack:/src/components/index.vue">
        <metrics statements="5" coveredstatements="0" conditionals="2" coveredconditionals="0" methods="3" coveredmethods="0"/>
        <line num="8" count="0" type="stmt"/>
        <line num="15" count="0" type="cond" truecount="0" falsecount="2"/>
        <line num="18" count="0" type="stmt"/>
        <line num="23" count="0" type="stmt"/>
        <line num="31" count="0" type="stmt"/>
      </file>
      <file name="index.vue?64fd" path="/Users/gry/study/vs-template/dist/js/webpack:/src/components/index.vue?64fd">
        <metrics statements="2" coveredstatements="0" conditionals="2" coveredconditionals="0" methods="2" coveredmethods="0"/>
        <line num="1" count="0" type="cond" truecount="0" falsecount="2"/>
        <line num="2" count="0" type="stmt"/>
      </file>
      <file name="index.vue?7bcc" path="/Users/gry/study/vs-template/dist/js/webpack:/src/components/index.vue?7bcc">
        <metrics statements="1" coveredstatements="0" conditionals="0" coveredconditionals="0" methods="0" coveredmethods="0"/>
        <line num="1" count="0" type="stmt"/>
      </file>
    </package>
    <package name="vs-template.dist.js.webpack:.src.components.Demo">
      <metrics statements="5" coveredstatements="0" conditionals="4" coveredconditionals="0" methods="2" coveredmethods="0"/>
      <file name="index.vue" path="/Users/gry/study/vs-template/dist/js/webpack:/src/components/Demo/index.vue">
        <metrics statements="1" coveredstatements="0" conditionals="0" coveredconditionals="0" methods="0" coveredmethods="0"/>
        <line num="8" count="0" type="stmt"/>
      </file>
      <file name="index.vue?1a46" path="/Users/gry/study/vs-template/dist/js/webpack:/src/components/Demo/index.vue?1a46">
        <metrics statements="1" coveredstatements="0" conditionals="0" coveredconditionals="0" methods="0" coveredmethods="0"/>
        <line num="1" count="0" type="stmt"/>
      </file>
      <file name="index.vue?686e" path="/Users/gry/study/vs-template/dist/js/webpack:/src/components/Demo/index.vue?686e">
        <metrics statements="1" coveredstatements="0" conditionals="0" coveredconditionals="0" methods="1" coveredmethods="0"/>
        <line num="1" count="0" type="stmt"/>
      </file>
      <file name="index.vue?cb0b" path="/Users/gry/study/vs-template/dist/js/webpack:/src/components/Demo/index.vue?cb0b">
        <metrics statements="2" coveredstatements="0" conditionals="4" coveredconditionals="0" methods="1" coveredmethods="0"/>
        <line num="1" count="0" type="cond" truecount="0" falsecount="4"/>
        <line num="2" count="0" type="stmt"/>
      </file>
    </package>
    <package name="vs-template.dist.js.webpack:.webpack">
      <metrics statements="46" coveredstatements="0" conditionals="40" coveredconditionals="0" methods="12" coveredmethods="0"/>
      <file name="bootstrap" path="/Users/gry/study/vs-template/dist/js/webpack:/webpack/bootstrap">
        <metrics statements="46" coveredstatements="0" conditionals="40" coveredconditionals="0" methods="12" coveredmethods="0"/>
        <line num="3" count="0" type="stmt"/>
        <line num="4" count="0" type="stmt"/>
        <line num="5" count="0" type="stmt"/>
        <line num="9" count="0" type="stmt"/>
        <line num="10" count="0" type="stmt"/>
        <line num="11" count="0" type="stmt"/>
        <line num="17" count="0" type="stmt"/>
        <line num="18" count="0" type="cond" truecount="0" falsecount="2"/>
        <line num="22" count="0" type="cond" truecount="0" falsecount="2"/>
        <line num="24" count="0" type="stmt"/>
        <line num="25" count="0" type="stmt"/>
        <line num="32" count="0" type="stmt"/>
        <line num="36" count="0" type="stmt"/>
        <line num="37" count="0" type="stmt"/>
        <line num="38" count="0" type="stmt"/>
        <line num="39" count="0" type="stmt"/>
        <line num="40" count="0" type="stmt"/>
        <line num="41" count="0" type="cond" truecount="0" falsecount="2"/>
        <line num="43" count="0" type="cond" truecount="0" falsecount="2"/>
        <line num="49" count="0" type="stmt"/>
        <line num="53" count="0" type="stmt"/>
        <line num="58" count="0" type="stmt"/>
        <line num="62" count="0" type="stmt"/>
        <line num="68" count="0" type="cond" truecount="0" falsecount="2"/>
        <line num="69" count="0" type="stmt"/>
        <line num="72" count="0" type="stmt"/>
        <line num="85" count="0" type="stmt"/>
        <line num="90" count="0" type="stmt"/>
        <line num="97" count="0" type="cond" truecount="0" falsecount="2"/>
        <line num="104" count="0" type="cond" truecount="0" falsecount="3"/>
        <line num="117" count="0" type="cond" truecount="0" falsecount="2"/>
        <line num="118" count="0" type="cond" truecount="0" falsecount="6"/>
        <line num="119" count="0" type="stmt"/>
        <line num="122" count="0" type="cond" truecount="0" falsecount="4"/>
        <line num="123" count="0" type="stmt"/>
        <line num="128" count="0" type="cond" truecount="0" falsecount="2"/>
        <line num="129" count="0" type="cond" truecount="0" falsecount="2"/>
        <line num="130" count="0" type="stmt"/>
        <line num="132" count="0" type="stmt"/>
        <line num="136" count="0" type="stmt"/>
        <line num="141" count="0" type="cond" truecount="0" falsecount="2"/>
        <line num="142" count="0" type="stmt"/>
        <line num="143" count="0" type="stmt"/>
        <line num="145" count="0" type="stmt"/>
        <line num="146" count="0" type="stmt"/>
        <line num="150" count="0" type="stmt"/>
      </file>
    </package>
    <package name="vs-template.src">
      <metrics statements="5" coveredstatements="0" conditionals="0" coveredconditionals="0" methods="1" coveredmethods="0"/>
      <file name="main.js" path="/Users/gry/study/vs-template/src/main.js">
        <metrics statements="3" coveredstatements="0" conditionals="0" coveredconditionals="0" methods="1" coveredmethods="0"/>
        <line num="5" count="0" type="stmt"/>
        <line num="7" count="0" type="stmt"/>
        <line num="9" count="0" type="stmt"/>
      </file>
      <file name="router.js" path="/Users/gry/study/vs-template/src/router.js">
        <metrics statements="2" coveredstatements="0" conditionals="0" coveredconditionals="0" methods="0" coveredmethods="0"/>
        <line num="6" count="0" type="stmt"/>
        <line num="9" count="0" type="stmt"/>
      </file>
    </package>
    <package name="vs-template.src.components">
      <metrics statements="2" coveredstatements="0" conditionals="0" coveredconditionals="0" methods="0" coveredmethods="0"/>
      <file name="index.js" path="/Users/gry/study/vs-template/src/components/index.js">
        <metrics statements="2" coveredstatements="0" conditionals="0" coveredconditionals="0" methods="0" coveredmethods="0"/>
        <line num="5" count="0" type="stmt"/>
        <line num="9" count="0" type="stmt"/>
      </file>
    </package>
  </project>
</coverage>
